ARM GAS  C:\Users\embedded\AppData\Local\Temp\ccT3fr4S.s 			page 1


   1              		.cpu arm7tdmi
   2              		.eabi_attribute 20, 1
   3              		.eabi_attribute 21, 1
   4              		.eabi_attribute 23, 3
   5              		.eabi_attribute 24, 1
   6              		.eabi_attribute 25, 1
   7              		.eabi_attribute 26, 1
   8              		.eabi_attribute 30, 6
   9              		.eabi_attribute 34, 0
  10              		.eabi_attribute 18, 4
  11              		.file	"tsl2561.c"
  12              		.text
  13              	.Ltext0:
  14              		.cfi_sections	.debug_frame
  15              		.global	__aeabi_lmul
  16              		.global	__aeabi_uldivmod
  17              		.align	1
  18              		.global	calculateBrightness
  19              		.syntax unified
  20              		.code	16
  21              		.thumb_func
  22              		.fpu softvfp
  23              		.type	calculateBrightness, %function
  24              	calculateBrightness:
  25              	.LFB0:
  26              		.file 1 "tsl2561.c"
   1:tsl2561.c     **** /******************************************************************************
   2:tsl2561.c     ****  *  Obs≈Çuga pomiaru jasno≈õci przy pomocy jasno≈õciomierza TSL2561.
   3:tsl2561.c     ****  *
   4:tsl2561.c     ****  *  Plik z kodem ≈∫r√≥d≈Çowym funkcji.
   5:tsl2561.c     ****  *****************************************************************************/
   6:tsl2561.c     **** 
   7:tsl2561.c     **** /******************************************************************************
   8:tsl2561.c     ****  * Includes
   9:tsl2561.c     ****  *****************************************************************************/
  10:tsl2561.c     **** 
  11:tsl2561.c     **** #include "tsl2561.h"
  12:tsl2561.c     **** 
  13:tsl2561.c     **** /******************************************************************************
  14:tsl2561.c     ****  * Defines and typedefs
  15:tsl2561.c     ****  *****************************************************************************/
  16:tsl2561.c     **** 
  17:tsl2561.c     **** #define LUX_SCALE 14  // scale by 2 ^ 14
  18:tsl2561.c     **** #define RATIO_SCALE 9 // scale ratio by 2 ^ 9
  19:tsl2561.c     **** 
  20:tsl2561.c     **** #define CH_SCALE        10      // scale channel values by 2 ^ 10
  21:tsl2561.c     **** #define CHSCALE_TINT0   0x7517  // 322 / 11 * 2 ^ CH_SCALE
  22:tsl2561.c     **** #define CHSCALE_TINT1   0x0FE7  // 322 / 81 * 2 ^ CH_SCALE
  23:tsl2561.c     **** 
  24:tsl2561.c     **** #define tsl2561AddressGND 0x29      // 0x29 = 0b 0010 1001
  25:tsl2561.c     **** #define tsl2561ReadAddressGND 0x53  // 0x53 = 0b 0101 0011
  26:tsl2561.c     **** #define tsl2561WriteAddressGND 0x52 // 0x52 = 0b 0101 0010
  27:tsl2561.c     **** 
  28:tsl2561.c     **** #define tsl2561AddressFloat 0x39      // 0x39 = 0b 0011 1001
  29:tsl2561.c     **** #define tsl2561ReadAddressFloat 0x73  // 0x73 = 0b 0111 0011
  30:tsl2561.c     **** #define tsl2561WriteAddressFloat 0x72 // 0x72 = 0b 0111 0010
  31:tsl2561.c     **** 
ARM GAS  C:\Users\embedded\AppData\Local\Temp\ccT3fr4S.s 			page 2


  32:tsl2561.c     **** #define tsl2561AddressVDD 0x49      // 0x39 = 0b 0100 1001
  33:tsl2561.c     **** #define tsl2561ReadAddressVDD 0x93  // 0x79 = 0b 1001 0011
  34:tsl2561.c     **** #define tsl2561WriteAddressVDD 0x92 // 0x78 = 0b 1001 0010
  35:tsl2561.c     **** 
  36:tsl2561.c     **** #define HIGH_GAIN   0x01
  37:tsl2561.c     **** #define LOW_GAIN    0x00
  38:tsl2561.c     **** 
  39:tsl2561.c     **** #define LOW_INTEG_TIME  0x00
  40:tsl2561.c     **** #define MED_INTEG_TIME  0x01
  41:tsl2561.c     **** #define HIGH_INTEG_TIME 0x02
  42:tsl2561.c     **** 
  43:tsl2561.c     **** // Constants for T, FN and CL package
  44:tsl2561.c     **** 
  45:tsl2561.c     **** #define K1T 0x0040 // 0.1250 * 2 ^ RATIO_SCALE
  46:tsl2561.c     **** #define B1T 0x01f2 // 0.0304 * 2 ^ LUX_SCALE
  47:tsl2561.c     **** #define M1T 0x01be // 0.0272 * 2 ^ LUX_SCALE
  48:tsl2561.c     **** 
  49:tsl2561.c     **** #define K2T 0x0080 // 0.2500 * 2 ^ RATIO_SCALE
  50:tsl2561.c     **** #define B2T 0x0214 // 0.0325 * 2 ^ LUX_SCALE
  51:tsl2561.c     **** #define M2T 0x02d1 // 0.0440 * 2 ^ LUX_SCALE
  52:tsl2561.c     **** 
  53:tsl2561.c     **** #define K3T 0x00c0 // 0.3750 * 2 ^ RATIO_SCALE
  54:tsl2561.c     **** #define B3T 0x023f // 0.0351 * 2 ^ LUX_SCALE
  55:tsl2561.c     **** #define M3T 0x037b // 0.0544 * 2 ^ LUX_SCALE
  56:tsl2561.c     **** 
  57:tsl2561.c     **** #define K4T 0x0100 // 0.5000 * 2 ^ RATIO_SCALE
  58:tsl2561.c     **** #define B4T 0x0270 // 0.0381 * 2 ^ LUX_SCALE
  59:tsl2561.c     **** #define M4T 0x03fe // 0.0624 * 2 ^ LUX_SCALE
  60:tsl2561.c     **** 
  61:tsl2561.c     **** #define K5T 0x0138 // 0.6100 * 2 ^ RATIO_SCALE
  62:tsl2561.c     **** #define B5T 0x016f // 0.0224 * 2 ^ LUX_SCALE
  63:tsl2561.c     **** #define M5T 0x01fc // 0.0310 * 2 ^ LUX_SCALE
  64:tsl2561.c     **** 
  65:tsl2561.c     **** #define K6T 0x019a // 0.8000 * 2 ^ RATIO_SCALE
  66:tsl2561.c     **** #define B6T 0x00d2 // 0.0128 * 2 ^ LUX_SCALE
  67:tsl2561.c     **** #define M6T 0x00fb // 0.0153 * 2 ^ LUX_SCALE
  68:tsl2561.c     **** 
  69:tsl2561.c     **** #define K7T 0x029a // 1.30000 * 2 ^ RATIO_SCALE
  70:tsl2561.c     **** #define B7T 0x0018 // 0.00146 * 2 ^ LUX_SCALE
  71:tsl2561.c     **** #define M7T 0x0012 // 0.00112 * 2 ^ LUX_SCALE
  72:tsl2561.c     **** 
  73:tsl2561.c     **** #define K8T 0x029a // 1.300 * 2 ^ RATIO_SCALE
  74:tsl2561.c     **** #define B8T 0x0000 // 0.000 * 2 ^ LUX_SCALE
  75:tsl2561.c     **** #define M8T 0x0000 // 0.000 * 2 ^ LUX_SCALE
  76:tsl2561.c     **** 
  77:tsl2561.c     **** // Constants for CS package
  78:tsl2561.c     **** 
  79:tsl2561.c     **** #define K1C 0x0043 // 0.1300 * 2 ^ RATIO_SCALE
  80:tsl2561.c     **** #define B1C 0x0204 // 0.0315 * 2 ^ LUX_SCALE
  81:tsl2561.c     **** #define M1C 0x01ad // 0.0262 * 2 ^ LUX_SCALE
  82:tsl2561.c     **** 
  83:tsl2561.c     **** #define K2C 0x0085 // 0.2600 * 2 ^ RATIO_SCALE
  84:tsl2561.c     **** #define B2C 0x0228 // 0.0337 * 2 ^ LUX_SCALE
  85:tsl2561.c     **** #define M2C 0x02c1 // 0.0430 * 2 ^ LUX_SCALE
  86:tsl2561.c     **** 
  87:tsl2561.c     **** #define K3C 0x00c8 // 0.3900 * 2 ^ RATIO_SCALE
  88:tsl2561.c     **** #define B3C 0x0253 // 0.0363 * 2 ^ LUX_SCALE
ARM GAS  C:\Users\embedded\AppData\Local\Temp\ccT3fr4S.s 			page 3


  89:tsl2561.c     **** #define M3C 0x0363 // 0.0529 * 2 ^ LUX_SCALE
  90:tsl2561.c     **** 
  91:tsl2561.c     **** #define K4C 0x010a // 0.5200 * 2 ^ RATIO_SCALE
  92:tsl2561.c     **** #define B4C 0x0282 // 0.0392 * 2 ^ LUX_SCALE
  93:tsl2561.c     **** #define M4C 0x03df // 0.0605 * 2 ^ LUX_SCALE
  94:tsl2561.c     **** 
  95:tsl2561.c     **** #define K5C 0x014d // 0.6500 * 2 ^ RATIO_SCALE
  96:tsl2561.c     **** #define B5C 0x0177 // 0.0229 * 2 ^ LUX_SCALE
  97:tsl2561.c     **** #define M5C 0x01dd // 0.0291 * 2 ^ LUX_SCALE
  98:tsl2561.c     **** 
  99:tsl2561.c     **** #define K6C 0x019a // 0.8000 * 2 ^ RATIO_SCALE
 100:tsl2561.c     **** #define B6C 0x0101 // 0.0157 * 2 ^ LUX_SCALE
 101:tsl2561.c     **** #define M6C 0x0127 // 0.0180 * 2 ^ LUX_SCALE
 102:tsl2561.c     **** 
 103:tsl2561.c     **** #define K7C 0x029a // 1.30000 * 2 ^ RATIO_SCALE
 104:tsl2561.c     **** #define B7C 0x0037 // 0.00338 * 2 ^ LUX_SCALE
 105:tsl2561.c     **** #define M7C 0x002b // 0.00260 * 2 ^ LUX_SCALE
 106:tsl2561.c     **** 
 107:tsl2561.c     **** #define K8C 0x029a // 1.3000 * 2 ^ RATIO_SCALE
 108:tsl2561.c     **** #define B8C 0x0000 // 0.0000 * 2 ^ LUX_SCALE
 109:tsl2561.c     **** #define M8C 0x0000 // 0.0000 * 2 ^ LUX_SCALE
 110:tsl2561.c     **** 
 111:tsl2561.c     **** /*****************************************************************************
 112:tsl2561.c     ****  * Global variables
 113:tsl2561.c     ****  ****************************************************************************/
 114:tsl2561.c     **** 
 115:tsl2561.c     **** /*****************************************************************************
 116:tsl2561.c     ****  * Local variables
 117:tsl2561.c     ****  ****************************************************************************/
 118:tsl2561.c     **** 
 119:tsl2561.c     **** /*****************************************************************************
 120:tsl2561.c     ****  * Local prototypes
 121:tsl2561.c     ****  ****************************************************************************/
 122:tsl2561.c     **** 
 123:tsl2561.c     **** /*
 124:tsl2561.c     ****  * @brief   Funkcja calculateBrightness() wykorzystywana jest do przeliczenia warto≈õci
 125:tsl2561.c     ****  *          z kana≈Ç√≥w 0. oraz 1. na prawid≈ÇowƒÖ warto≈õƒá jasno≈õci wyra≈ºonƒÖ w lux-ach.
 126:tsl2561.c     ****  *
 127:tsl2561.c     ****  * @param   channel0
 128:tsl2561.c     ****  *          Warto≈õƒá odczytana z pary rejestr√≥w po adresami 0xCh i 0xDh z urzƒÖdzenia TSL2561
 129:tsl2561.c     ****  *          reprezentujƒÖca 16 - bitowƒÖ warto≈õƒá (2 rejestry po 8 bit√≥w). Bajtem m≈Çodzszym jest
 130:tsl2561.c     ****  *          bajt z rejestru 0xCh, a starszym - z rejestru 0xDh.
 131:tsl2561.c     ****  * @param   channel1
 132:tsl2561.c     ****  *          Warto≈õƒá odczytana z pary rejestr√≥w po adresami 0xEh i 0xFh z urzƒÖdzenia TSL2561
 133:tsl2561.c     ****  *          reprezentujƒÖca 16 - bitowƒÖ warto≈õƒá (2 rejestry po 8 bit√≥w). Bajtem m≈Çodzszym jest
 134:tsl2561.c     ****  *          bajt z rejestru 0xDh, a starszym - z rejestru 0xFh.
 135:tsl2561.c     ****  * @returns
 136:tsl2561.c     ****  *          Przeliczona, 64 - bitowa warto≈õƒá jasno≈õci, wyra≈ºona w lux-ach.
 137:tsl2561.c     ****  *
 138:tsl2561.c     ****  * @side effects:
 139:tsl2561.c     ****  *          Brak
 140:tsl2561.c     ****  */
 141:tsl2561.c     **** 
 142:tsl2561.c     **** tU64 calculateBrightness(tU16 channel0, tU16 channel1, tU8 integTime, tU8 gainValue)
 143:tsl2561.c     **** {
  27              		.loc 1 143 0
  28              		.cfi_startproc
ARM GAS  C:\Users\embedded\AppData\Local\Temp\ccT3fr4S.s 			page 4


  29              		@ Function supports interworking.
  30              		@ args = 0, pretend = 0, frame = 112
  31              		@ frame_needed = 1, uses_anonymous_args = 0
  32 0000 F0B5     		push	{r4, r5, r6, r7, lr}
  33              	.LCFI0:
  34              		.cfi_def_cfa_offset 20
  35              		.cfi_offset 4, -20
  36              		.cfi_offset 5, -16
  37              		.cfi_offset 6, -12
  38              		.cfi_offset 7, -8
  39              		.cfi_offset 14, -4
  40 0002 9DB0     		sub	sp, sp, #116
  41              	.LCFI1:
  42              		.cfi_def_cfa_offset 136
  43 0004 00AF     		add	r7, sp, #0
  44              	.LCFI2:
  45              		.cfi_def_cfa_register 7
  46 0006 7A60     		str	r2, [r7, #4]
  47 0008 1C00     		movs	r4, r3
  48 000a 2E23     		movs	r3, #46
  49 000c FA18     		adds	r2, r7, r3
  50 000e 031C     		adds	r3, r0, #0
  51 0010 1380     		strh	r3, [r2]
  52 0012 2C23     		movs	r3, #44
  53 0014 FA18     		adds	r2, r7, r3
  54 0016 0B1C     		adds	r3, r1, #0
  55 0018 1380     		strh	r3, [r2]
  56 001a 2B21     		movs	r1, #43
  57 001c 7A18     		adds	r2, r7, r1
  58 001e 3B79     		ldrb	r3, [r7, #4]
  59 0020 1370     		strb	r3, [r2]
  60 0022 2A23     		movs	r3, #42
  61 0024 FB18     		adds	r3, r7, r3
  62 0026 221C     		adds	r2, r4, #0
  63 0028 1A70     		strb	r2, [r3]
 144:tsl2561.c     ****     tU64 chScale = 0;
  64              		.loc 1 144 0
  65 002a 0023     		movs	r3, #0
  66 002c 0024     		movs	r4, #0
  67 002e BB66     		str	r3, [r7, #104]
  68 0030 FC66     		str	r4, [r7, #108]
 145:tsl2561.c     **** 
 146:tsl2561.c     ****     if (integTime == LOW_INTEG_TIME)
  69              		.loc 1 146 0
  70 0032 7B18     		adds	r3, r7, r1
  71 0034 1B78     		ldrb	r3, [r3]
  72 0036 002B     		cmp	r3, #0
  73 0038 04D1     		bne	.L2
 147:tsl2561.c     ****     {
 148:tsl2561.c     ****         // 13.7 ms integration time
 149:tsl2561.c     ****         chScale = CHSCALE_TINT0;
  74              		.loc 1 149 0
  75 003a 8D4B     		ldr	r3, .L28
  76 003c 0024     		movs	r4, #0
  77 003e BB66     		str	r3, [r7, #104]
  78 0040 FC66     		str	r4, [r7, #108]
  79 0042 07E0     		b	.L3
ARM GAS  C:\Users\embedded\AppData\Local\Temp\ccT3fr4S.s 			page 5


  80              	.L2:
 150:tsl2561.c     ****     }
 151:tsl2561.c     ****     else if (integTime = MED_INTEG_TIME)
  81              		.loc 1 151 0
  82 0044 2B23     		movs	r3, #43
  83 0046 FB18     		adds	r3, r7, r3
  84 0048 0122     		movs	r2, #1
  85 004a 1A70     		strb	r2, [r3]
 152:tsl2561.c     ****     {
 153:tsl2561.c     ****         // 101 ms integration time
 154:tsl2561.c     ****         chScale = CHSCALE_TINT1;
  86              		.loc 1 154 0
  87 004c 894B     		ldr	r3, .L28+4
  88 004e 0024     		movs	r4, #0
  89 0050 BB66     		str	r3, [r7, #104]
  90 0052 FC66     		str	r4, [r7, #108]
  91              	.L3:
 155:tsl2561.c     ****     }
 156:tsl2561.c     ****     else
 157:tsl2561.c     ****     {
 158:tsl2561.c     ****         // Assume no scaling
 159:tsl2561.c     ****         chScale = ((tU64)1 << CH_SCALE);
 160:tsl2561.c     ****     }
 161:tsl2561.c     **** 
 162:tsl2561.c     ****     if (gainValue != 0x01)
  92              		.loc 1 162 0
  93 0054 2A23     		movs	r3, #42
  94 0056 FB18     		adds	r3, r7, r3
  95 0058 1B78     		ldrb	r3, [r3]
  96 005a 012B     		cmp	r3, #1
  97 005c 08D0     		beq	.L4
 163:tsl2561.c     ****     {
 164:tsl2561.c     ****         chScale = chScale << 4;
  98              		.loc 1 164 0
  99 005e BB6E     		ldr	r3, [r7, #104]
 100 0060 1B0F     		lsrs	r3, r3, #28
 101 0062 FA6E     		ldr	r2, [r7, #108]
 102 0064 1201     		lsls	r2, r2, #4
 103 0066 1343     		orrs	r3, r2
 104 0068 FB66     		str	r3, [r7, #108]
 105 006a BB6E     		ldr	r3, [r7, #104]
 106 006c 1B01     		lsls	r3, r3, #4
 107 006e BB66     		str	r3, [r7, #104]
 108              	.L4:
 165:tsl2561.c     ****     }
 166:tsl2561.c     **** 
 167:tsl2561.c     ****     // Scale the channel values
 168:tsl2561.c     ****     tU64 ch0 = ((tU64)channel0 * chScale) >> CH_SCALE;
 109              		.loc 1 168 0
 110 0070 2E23     		movs	r3, #46
 111 0072 FB18     		adds	r3, r7, r3
 112 0074 1B88     		ldrh	r3, [r3]
 113 0076 1B04     		lsls	r3, r3, #16
 114 0078 1B0C     		lsrs	r3, r3, #16
 115 007a 3B62     		str	r3, [r7, #32]
 116 007c 0023     		movs	r3, #0
 117 007e 7B62     		str	r3, [r7, #36]
ARM GAS  C:\Users\embedded\AppData\Local\Temp\ccT3fr4S.s 			page 6


 118 0080 BA6E     		ldr	r2, [r7, #104]
 119 0082 FB6E     		ldr	r3, [r7, #108]
 120 0084 386A     		ldr	r0, [r7, #32]
 121 0086 796A     		ldr	r1, [r7, #36]
 122 0088 FFF7FEFF 		bl	__aeabi_lmul
 123              	.LVL0:
 124 008c 0300     		movs	r3, r0
 125 008e 0C00     		movs	r4, r1
 126 0090 A205     		lsls	r2, r4, #22
 127 0092 990A     		lsrs	r1, r3, #10
 128 0094 0A43     		orrs	r2, r1
 129 0096 3A65     		str	r2, [r7, #80]
 130 0098 A30A     		lsrs	r3, r4, #10
 131 009a 7B65     		str	r3, [r7, #84]
 169:tsl2561.c     ****     tU64 ch1 = ((tU64)channel1 * chScale) >> CH_SCALE;
 132              		.loc 1 169 0
 133 009c 2C22     		movs	r2, #44
 134 009e BB18     		adds	r3, r7, r2
 135 00a0 1B88     		ldrh	r3, [r3]
 136 00a2 1B04     		lsls	r3, r3, #16
 137 00a4 1B0C     		lsrs	r3, r3, #16
 138 00a6 BB61     		str	r3, [r7, #24]
 139 00a8 0023     		movs	r3, #0
 140 00aa FB61     		str	r3, [r7, #28]
 141 00ac BA6E     		ldr	r2, [r7, #104]
 142 00ae FB6E     		ldr	r3, [r7, #108]
 143 00b0 B869     		ldr	r0, [r7, #24]
 144 00b2 F969     		ldr	r1, [r7, #28]
 145 00b4 FFF7FEFF 		bl	__aeabi_lmul
 146              	.LVL1:
 147 00b8 0300     		movs	r3, r0
 148 00ba 0C00     		movs	r4, r1
 149 00bc A205     		lsls	r2, r4, #22
 150 00be 990A     		lsrs	r1, r3, #10
 151 00c0 0A43     		orrs	r2, r1
 152 00c2 BA64     		str	r2, [r7, #72]
 153 00c4 A30A     		lsrs	r3, r4, #10
 154 00c6 FB64     		str	r3, [r7, #76]
 170:tsl2561.c     **** 
 171:tsl2561.c     ****     // Find the ratio of the channel values (ch1 / ch0)
 172:tsl2561.c     ****     // Protect against divide by zero
 173:tsl2561.c     ****     tU64 channelsRatio = 0;
 155              		.loc 1 173 0
 156 00c8 0023     		movs	r3, #0
 157 00ca 0024     		movs	r4, #0
 158 00cc 3B66     		str	r3, [r7, #96]
 159 00ce 7C66     		str	r4, [r7, #100]
 174:tsl2561.c     ****     if (channel0 != (tU16)0)
 160              		.loc 1 174 0
 161 00d0 2E23     		movs	r3, #46
 162 00d2 FB18     		adds	r3, r7, r3
 163 00d4 1B88     		ldrh	r3, [r3]
 164 00d6 002B     		cmp	r3, #0
 165 00d8 10D0     		beq	.L5
 175:tsl2561.c     ****     {
 176:tsl2561.c     ****         channelsRatio = (ch1 << ((tU64)RATIO_SCALE + (tU64)1)) / ch0;
 166              		.loc 1 176 0
ARM GAS  C:\Users\embedded\AppData\Local\Temp\ccT3fr4S.s 			page 7


 167 00da BB6C     		ldr	r3, [r7, #72]
 168 00dc 9B0D     		lsrs	r3, r3, #22
 169 00de FA6C     		ldr	r2, [r7, #76]
 170 00e0 9602     		lsls	r6, r2, #10
 171 00e2 1E43     		orrs	r6, r3
 172 00e4 BB6C     		ldr	r3, [r7, #72]
 173 00e6 9D02     		lsls	r5, r3, #10
 174 00e8 3A6D     		ldr	r2, [r7, #80]
 175 00ea 7B6D     		ldr	r3, [r7, #84]
 176 00ec 2800     		movs	r0, r5
 177 00ee 3100     		movs	r1, r6
 178 00f0 FFF7FEFF 		bl	__aeabi_uldivmod
 179              	.LVL2:
 180 00f4 0300     		movs	r3, r0
 181 00f6 0C00     		movs	r4, r1
 182 00f8 3B66     		str	r3, [r7, #96]
 183 00fa 7C66     		str	r4, [r7, #100]
 184              	.L5:
 177:tsl2561.c     ****     }
 178:tsl2561.c     **** 
 179:tsl2561.c     ****     // Round the ratio value
 180:tsl2561.c     ****     tU64 roundedRatio = (channelsRatio + (tU64)1) >> 1;
 185              		.loc 1 180 0
 186 00fc 3B6E     		ldr	r3, [r7, #96]
 187 00fe 7C6E     		ldr	r4, [r7, #100]
 188 0100 0121     		movs	r1, #1
 189 0102 0022     		movs	r2, #0
 190 0104 5B18     		adds	r3, r3, r1
 191 0106 5441     		adcs	r4, r4, r2
 192 0108 E207     		lsls	r2, r4, #31
 193 010a 5908     		lsrs	r1, r3, #1
 194 010c 0A43     		orrs	r2, r1
 195 010e 3A64     		str	r2, [r7, #64]
 196 0110 6308     		lsrs	r3, r4, #1
 197 0112 7B64     		str	r3, [r7, #68]
 181:tsl2561.c     ****     tU32 bValue = 0;
 198              		.loc 1 181 0
 199 0114 0023     		movs	r3, #0
 200 0116 FB65     		str	r3, [r7, #92]
 182:tsl2561.c     ****     tU32 mValue = 0;
 201              		.loc 1 182 0
 202 0118 0023     		movs	r3, #0
 203 011a BB65     		str	r3, [r7, #88]
 183:tsl2561.c     **** 
 184:tsl2561.c     ****     // Case for T, FN and CL package.
 185:tsl2561.c     ****     /*
 186:tsl2561.c     ****     if ((roundedRatio >= (tU64)0) && (roundedRatio <= (tU64)K1T))
 187:tsl2561.c     ****     {
 188:tsl2561.c     ****         bValue = B1T;
 189:tsl2561.c     ****         mValue = M1T;
 190:tsl2561.c     ****     }
 191:tsl2561.c     ****     else if (roundedRatio <= (tU64)K2T)
 192:tsl2561.c     ****     {
 193:tsl2561.c     ****         bValue = B2T;
 194:tsl2561.c     ****         mValue = M2T;
 195:tsl2561.c     ****     }
 196:tsl2561.c     ****     else if (roundedRatio <= (tU64)K3T)
ARM GAS  C:\Users\embedded\AppData\Local\Temp\ccT3fr4S.s 			page 8


 197:tsl2561.c     ****     {
 198:tsl2561.c     ****         bValue = B3T;
 199:tsl2561.c     ****         mValue = M3T;
 200:tsl2561.c     ****     }
 201:tsl2561.c     ****     else if (roundedRatio <= (tU64)K4T)
 202:tsl2561.c     ****     {
 203:tsl2561.c     ****         bValue = B4T;
 204:tsl2561.c     ****         mValue = M4T;
 205:tsl2561.c     ****     }
 206:tsl2561.c     ****     else if (roundedRatio <= (tU64)K5T)
 207:tsl2561.c     ****     {
 208:tsl2561.c     ****         bValue = B5T;
 209:tsl2561.c     ****         mValue = M5T;
 210:tsl2561.c     ****     }
 211:tsl2561.c     ****     else if (roundedRatio <= (tU64)K6T)
 212:tsl2561.c     ****     {
 213:tsl2561.c     ****         bValue = B6T;
 214:tsl2561.c     ****         mValue = M6T;
 215:tsl2561.c     ****     }
 216:tsl2561.c     ****     else if (roundedRatio <= (tU64)K7T)
 217:tsl2561.c     ****     {
 218:tsl2561.c     ****         bValue = B7T;
 219:tsl2561.c     ****         mValue = M7T;
 220:tsl2561.c     ****     }
 221:tsl2561.c     ****     else if (roundedRatio > (tU64)K8T)
 222:tsl2561.c     ****     {
 223:tsl2561.c     ****         bValue = B8T;
 224:tsl2561.c     ****         mValue = M8T;
 225:tsl2561.c     ****     }
 226:tsl2561.c     ****     else
 227:tsl2561.c     ****     {
 228:tsl2561.c     ****         ;
 229:tsl2561.c     ****     }
 230:tsl2561.c     ****     */
 231:tsl2561.c     **** 
 232:tsl2561.c     ****     // Case for CS package
 233:tsl2561.c     ****     if ((roundedRatio >= (tU64)0) && (roundedRatio <= (tU64)K1C))
 204              		.loc 1 233 0
 205 011c 7B6C     		ldr	r3, [r7, #68]
 206 011e 002B     		cmp	r3, #0
 207 0120 0CD1     		bne	.L6
 208 0122 7B6C     		ldr	r3, [r7, #68]
 209 0124 002B     		cmp	r3, #0
 210 0126 02D1     		bne	.L21
 211 0128 3B6C     		ldr	r3, [r7, #64]
 212 012a 432B     		cmp	r3, #67
 213 012c 06D8     		bhi	.L6
 214              	.L21:
 234:tsl2561.c     ****     {
 235:tsl2561.c     ****         bValue = B1C;
 215              		.loc 1 235 0
 216 012e 8123     		movs	r3, #129
 217 0130 9B00     		lsls	r3, r3, #2
 218 0132 FB65     		str	r3, [r7, #92]
 236:tsl2561.c     ****         mValue = M1C;
 219              		.loc 1 236 0
 220 0134 AE23     		movs	r3, #174
ARM GAS  C:\Users\embedded\AppData\Local\Temp\ccT3fr4S.s 			page 9


 221 0136 FF33     		adds	r3, r3, #255
 222 0138 BB65     		str	r3, [r7, #88]
 223 013a 5EE0     		b	.L8
 224              	.L6:
 237:tsl2561.c     ****     }
 238:tsl2561.c     ****     else if (roundedRatio <= (tU64)K2C)
 225              		.loc 1 238 0
 226 013c 7B6C     		ldr	r3, [r7, #68]
 227 013e 002B     		cmp	r3, #0
 228 0140 0BD1     		bne	.L9
 229 0142 7B6C     		ldr	r3, [r7, #68]
 230 0144 002B     		cmp	r3, #0
 231 0146 02D1     		bne	.L22
 232 0148 3B6C     		ldr	r3, [r7, #64]
 233 014a 852B     		cmp	r3, #133
 234 014c 05D8     		bhi	.L9
 235              	.L22:
 239:tsl2561.c     ****     {
 240:tsl2561.c     ****         bValue = B2C;
 236              		.loc 1 240 0
 237 014e 8A23     		movs	r3, #138
 238 0150 9B00     		lsls	r3, r3, #2
 239 0152 FB65     		str	r3, [r7, #92]
 241:tsl2561.c     ****         mValue = M2C;
 240              		.loc 1 241 0
 241 0154 484B     		ldr	r3, .L28+8
 242 0156 BB65     		str	r3, [r7, #88]
 243 0158 4FE0     		b	.L8
 244              	.L9:
 242:tsl2561.c     ****     }
 243:tsl2561.c     ****     else if (roundedRatio <= (tU64)K3C)
 245              		.loc 1 243 0
 246 015a 7B6C     		ldr	r3, [r7, #68]
 247 015c 002B     		cmp	r3, #0
 248 015e 0AD1     		bne	.L11
 249 0160 7B6C     		ldr	r3, [r7, #68]
 250 0162 002B     		cmp	r3, #0
 251 0164 02D1     		bne	.L23
 252 0166 3B6C     		ldr	r3, [r7, #64]
 253 0168 C82B     		cmp	r3, #200
 254 016a 04D8     		bhi	.L11
 255              	.L23:
 244:tsl2561.c     ****     {
 245:tsl2561.c     ****         bValue = B3C;
 256              		.loc 1 245 0
 257 016c 434B     		ldr	r3, .L28+12
 258 016e FB65     		str	r3, [r7, #92]
 246:tsl2561.c     ****         mValue = M3C;
 259              		.loc 1 246 0
 260 0170 434B     		ldr	r3, .L28+16
 261 0172 BB65     		str	r3, [r7, #88]
 262 0174 41E0     		b	.L8
 263              	.L11:
 247:tsl2561.c     ****     }
 248:tsl2561.c     ****     else if (roundedRatio <= (tU64)K4C)
 264              		.loc 1 248 0
 265 0176 7B6C     		ldr	r3, [r7, #68]
ARM GAS  C:\Users\embedded\AppData\Local\Temp\ccT3fr4S.s 			page 10


 266 0178 002B     		cmp	r3, #0
 267 017a 0CD1     		bne	.L13
 268 017c 7B6C     		ldr	r3, [r7, #68]
 269 017e 002B     		cmp	r3, #0
 270 0180 04D1     		bne	.L24
 271 0182 3A6C     		ldr	r2, [r7, #64]
 272 0184 8523     		movs	r3, #133
 273 0186 5B00     		lsls	r3, r3, #1
 274 0188 9A42     		cmp	r2, r3
 275 018a 04D8     		bhi	.L13
 276              	.L24:
 249:tsl2561.c     ****     {
 250:tsl2561.c     ****         bValue = B4C;
 277              		.loc 1 250 0
 278 018c 3D4B     		ldr	r3, .L28+20
 279 018e FB65     		str	r3, [r7, #92]
 251:tsl2561.c     ****         mValue = M4C;
 280              		.loc 1 251 0
 281 0190 3D4B     		ldr	r3, .L28+24
 282 0192 BB65     		str	r3, [r7, #88]
 283 0194 31E0     		b	.L8
 284              	.L13:
 252:tsl2561.c     ****     }
 253:tsl2561.c     ****     else if (roundedRatio <= (tU64)K5C)
 285              		.loc 1 253 0
 286 0196 7B6C     		ldr	r3, [r7, #68]
 287 0198 002B     		cmp	r3, #0
 288 019a 0ED1     		bne	.L15
 289 019c 7B6C     		ldr	r3, [r7, #68]
 290 019e 002B     		cmp	r3, #0
 291 01a0 04D1     		bne	.L25
 292 01a2 3A6C     		ldr	r2, [r7, #64]
 293 01a4 4E23     		movs	r3, #78
 294 01a6 FF33     		adds	r3, r3, #255
 295 01a8 9A42     		cmp	r2, r3
 296 01aa 06D8     		bhi	.L15
 297              	.L25:
 254:tsl2561.c     ****     {
 255:tsl2561.c     ****         bValue = B5C;
 298              		.loc 1 255 0
 299 01ac 7823     		movs	r3, #120
 300 01ae FF33     		adds	r3, r3, #255
 301 01b0 FB65     		str	r3, [r7, #92]
 256:tsl2561.c     ****         mValue = M5C;
 302              		.loc 1 256 0
 303 01b2 DE23     		movs	r3, #222
 304 01b4 FF33     		adds	r3, r3, #255
 305 01b6 BB65     		str	r3, [r7, #88]
 306 01b8 1FE0     		b	.L8
 307              	.L15:
 257:tsl2561.c     ****     }
 258:tsl2561.c     ****     else if (roundedRatio <= (tU64)K6C)
 308              		.loc 1 258 0
 309 01ba 7B6C     		ldr	r3, [r7, #68]
 310 01bc 002B     		cmp	r3, #0
 311 01be 0ED1     		bne	.L17
 312 01c0 7B6C     		ldr	r3, [r7, #68]
ARM GAS  C:\Users\embedded\AppData\Local\Temp\ccT3fr4S.s 			page 11


 313 01c2 002B     		cmp	r3, #0
 314 01c4 04D1     		bne	.L26
 315 01c6 3A6C     		ldr	r2, [r7, #64]
 316 01c8 CD23     		movs	r3, #205
 317 01ca 5B00     		lsls	r3, r3, #1
 318 01cc 9A42     		cmp	r2, r3
 319 01ce 06D8     		bhi	.L17
 320              	.L26:
 259:tsl2561.c     ****     {
 260:tsl2561.c     ****         bValue = B6C;
 321              		.loc 1 260 0
 322 01d0 0223     		movs	r3, #2
 323 01d2 FF33     		adds	r3, r3, #255
 324 01d4 FB65     		str	r3, [r7, #92]
 261:tsl2561.c     ****         mValue = M6C;
 325              		.loc 1 261 0
 326 01d6 2823     		movs	r3, #40
 327 01d8 FF33     		adds	r3, r3, #255
 328 01da BB65     		str	r3, [r7, #88]
 329 01dc 0DE0     		b	.L8
 330              	.L17:
 262:tsl2561.c     ****     }
 263:tsl2561.c     ****     else if (roundedRatio <= (tU64)K7C)
 331              		.loc 1 263 0
 332 01de 7B6C     		ldr	r3, [r7, #68]
 333 01e0 002B     		cmp	r3, #0
 334 01e2 0AD1     		bne	.L8
 335 01e4 7B6C     		ldr	r3, [r7, #68]
 336 01e6 002B     		cmp	r3, #0
 337 01e8 03D1     		bne	.L27
 338 01ea 3B6C     		ldr	r3, [r7, #64]
 339 01ec 274A     		ldr	r2, .L28+28
 340 01ee 9342     		cmp	r3, r2
 341 01f0 03D8     		bhi	.L8
 342              	.L27:
 264:tsl2561.c     ****     {
 265:tsl2561.c     ****         bValue = B7C;
 343              		.loc 1 265 0
 344 01f2 3723     		movs	r3, #55
 345 01f4 FB65     		str	r3, [r7, #92]
 266:tsl2561.c     ****         mValue = M7C;
 346              		.loc 1 266 0
 347 01f6 2B23     		movs	r3, #43
 348 01f8 BB65     		str	r3, [r7, #88]
 349              	.L8:
 267:tsl2561.c     ****     }
 268:tsl2561.c     ****     else
 269:tsl2561.c     ****     {
 270:tsl2561.c     ****         ;
 271:tsl2561.c     ****     }
 272:tsl2561.c     **** 
 273:tsl2561.c     ****     tU64 temporary;
 274:tsl2561.c     ****     temporary = ((ch0 * (tU64)bValue) - (ch1 * (tU64)mValue));
 350              		.loc 1 274 0
 351 01fa FB6D     		ldr	r3, [r7, #92]
 352 01fc 3B61     		str	r3, [r7, #16]
 353 01fe 0023     		movs	r3, #0
ARM GAS  C:\Users\embedded\AppData\Local\Temp\ccT3fr4S.s 			page 12


 354 0200 7B61     		str	r3, [r7, #20]
 355 0202 3A6D     		ldr	r2, [r7, #80]
 356 0204 7B6D     		ldr	r3, [r7, #84]
 357 0206 3869     		ldr	r0, [r7, #16]
 358 0208 7969     		ldr	r1, [r7, #20]
 359 020a FFF7FEFF 		bl	__aeabi_lmul
 360              	.LVL3:
 361 020e 0300     		movs	r3, r0
 362 0210 0C00     		movs	r4, r1
 363 0212 1D00     		movs	r5, r3
 364 0214 2600     		movs	r6, r4
 365 0216 BB6D     		ldr	r3, [r7, #88]
 366 0218 BB60     		str	r3, [r7, #8]
 367 021a 0023     		movs	r3, #0
 368 021c FB60     		str	r3, [r7, #12]
 369 021e BA6C     		ldr	r2, [r7, #72]
 370 0220 FB6C     		ldr	r3, [r7, #76]
 371 0222 B868     		ldr	r0, [r7, #8]
 372 0224 F968     		ldr	r1, [r7, #12]
 373 0226 FFF7FEFF 		bl	__aeabi_lmul
 374              	.LVL4:
 375 022a 0300     		movs	r3, r0
 376 022c 0C00     		movs	r4, r1
 377 022e ED1A     		subs	r5, r5, r3
 378 0230 A641     		sbcs	r6, r6, r4
 379 0232 2B00     		movs	r3, r5
 380 0234 3400     		movs	r4, r6
 381 0236 BB63     		str	r3, [r7, #56]
 382 0238 FC63     		str	r4, [r7, #60]
 275:tsl2561.c     **** 
 276:tsl2561.c     ****     // Do not allow negative lux value
 277:tsl2561.c     ****     if (temporary < (tU64)0)
 278:tsl2561.c     ****     {
 279:tsl2561.c     ****         temporary = 0;
 280:tsl2561.c     ****     }
 281:tsl2561.c     **** 
 282:tsl2561.c     ****     // Round LSB (2 ^ (LUX_SCALE ‚àí 1))
 283:tsl2561.c     ****     temporary = temporary + ((tU64)1 << ((tU64)LUX_SCALE - (tU64)1));
 383              		.loc 1 283 0
 384 023a BB6B     		ldr	r3, [r7, #56]
 385 023c FC6B     		ldr	r4, [r7, #60]
 386 023e 8021     		movs	r1, #128
 387 0240 8901     		lsls	r1, r1, #6
 388 0242 0022     		movs	r2, #0
 389 0244 5B18     		adds	r3, r3, r1
 390 0246 5441     		adcs	r4, r4, r2
 391 0248 BB63     		str	r3, [r7, #56]
 392 024a FC63     		str	r4, [r7, #60]
 284:tsl2561.c     **** 
 285:tsl2561.c     ****     // Strip off fractional portion
 286:tsl2561.c     ****     tU64 resultInLux = temporary >> LUX_SCALE;
 393              		.loc 1 286 0
 394 024c FB6B     		ldr	r3, [r7, #60]
 395 024e 9B04     		lsls	r3, r3, #18
 396 0250 BA6B     		ldr	r2, [r7, #56]
 397 0252 920B     		lsrs	r2, r2, #14
 398 0254 1343     		orrs	r3, r2
ARM GAS  C:\Users\embedded\AppData\Local\Temp\ccT3fr4S.s 			page 13


 399 0256 3B63     		str	r3, [r7, #48]
 400 0258 FB6B     		ldr	r3, [r7, #60]
 401 025a 9B0B     		lsrs	r3, r3, #14
 402 025c 7B63     		str	r3, [r7, #52]
 287:tsl2561.c     **** 
 288:tsl2561.c     ****     return resultInLux;
 403              		.loc 1 288 0
 404 025e 3B6B     		ldr	r3, [r7, #48]
 405 0260 7C6B     		ldr	r4, [r7, #52]
 289:tsl2561.c     **** }
 406              		.loc 1 289 0
 407 0262 1800     		movs	r0, r3
 408 0264 2100     		movs	r1, r4
 409 0266 BD46     		mov	sp, r7
 410 0268 1DB0     		add	sp, sp, #116
 411              		@ sp needed
 412 026a F0BC     		pop	{r4, r5, r6, r7}
 413 026c 04BC     		pop	{r2}
 414 026e 1047     		bx	r2
 415              	.L29:
 416              		.align	2
 417              	.L28:
 418 0270 17750000 		.word	29975
 419 0274 E70F0000 		.word	4071
 420 0278 C1020000 		.word	705
 421 027c 53020000 		.word	595
 422 0280 63030000 		.word	867
 423 0284 82020000 		.word	642
 424 0288 DF030000 		.word	991
 425 028c 9A020000 		.word	666
 426              		.cfi_endproc
 427              	.LFE0:
 428              		.size	calculateBrightness, .-calculateBrightness
 429              		.align	1
 430              		.global	measureBrightness
 431              		.syntax unified
 432              		.code	16
 433              		.thumb_func
 434              		.fpu softvfp
 435              		.type	measureBrightness, %function
 436              	measureBrightness:
 437              	.LFB1:
 290:tsl2561.c     **** 
 291:tsl2561.c     **** /*
 292:tsl2561.c     ****  * @brief   Funkcja measureBrightness() s≈Çu≈ºy do odczytania warto≈õci jasno≈õci z czujnika jasno≈
 293:tsl2561.c     ****  *          co sprowadza siƒô do odczytania warto≈õci z obu kana≈Ç√≥w urzƒÖdzenia, a nastƒôpnie wyw
 294:tsl2561.c     ****  *          calculateBrightness(), ta funkcja otrzmuje prawid≈ÇowƒÖ warto≈õƒá jasno≈õci, kt√≥ra jes
 295:tsl2561.c     ****  *
 296:tsl2561.c     ****  * @param   void
 297:tsl2561.c     ****  *
 298:tsl2561.c     ****  * @returns
 299:tsl2561.c     ****  *          Warto≈õƒá jasno≈õci obliczona przez funkcjƒô calculateBrightness().
 300:tsl2561.c     ****  *
 301:tsl2561.c     ****  * @side effects:
 302:tsl2561.c     ****  *          Zmiana stanu czujnika TSL2561 (poprzez jego w≈ÇƒÖczanie i wy≈ÇƒÖczanie), a tak≈ºe zapis
 303:tsl2561.c     ****  *          adresu rejestr√≥w, z kt√≥rych czytana jest zawarto≈õƒá.
 304:tsl2561.c     ****  */
ARM GAS  C:\Users\embedded\AppData\Local\Temp\ccT3fr4S.s 			page 14


 305:tsl2561.c     **** 
 306:tsl2561.c     **** tU64 measureBrightness(void)
 307:tsl2561.c     **** {
 438              		.loc 1 307 0
 439              		.cfi_startproc
 440              		@ Function supports interworking.
 441              		@ args = 0, pretend = 0, frame = 24
 442              		@ frame_needed = 1, uses_anonymous_args = 0
 443 0290 F0B5     		push	{r4, r5, r6, r7, lr}
 444              	.LCFI3:
 445              		.cfi_def_cfa_offset 20
 446              		.cfi_offset 4, -20
 447              		.cfi_offset 5, -16
 448              		.cfi_offset 6, -12
 449              		.cfi_offset 7, -8
 450              		.cfi_offset 14, -4
 451 0292 87B0     		sub	sp, sp, #28
 452              	.LCFI4:
 453              		.cfi_def_cfa_offset 48
 454 0294 00AF     		add	r7, sp, #0
 455              	.LCFI5:
 456              		.cfi_def_cfa_register 7
 308:tsl2561.c     ****     // Return code value for I2C operations.
 309:tsl2561.c     ****     tS8 retCode = 0;
 457              		.loc 1 309 0
 458 0296 1725     		movs	r5, #23
 459 0298 7B19     		adds	r3, r7, r5
 460 029a 0022     		movs	r2, #0
 461 029c 1A70     		strb	r2, [r3]
 310:tsl2561.c     ****     tU8 command[2] = {0};
 462              		.loc 1 310 0
 463 029e 3B1D     		adds	r3, r7, #4
 464 02a0 0022     		movs	r2, #0
 465 02a2 1A80     		strh	r2, [r3]
 311:tsl2561.c     ****     tU8 readValue[1] = {0};
 466              		.loc 1 311 0
 467 02a4 3B00     		movs	r3, r7
 468 02a6 0022     		movs	r2, #0
 469 02a8 1A70     		strb	r2, [r3]
 312:tsl2561.c     **** 
 313:tsl2561.c     ****     // Variables for each channel value.
 314:tsl2561.c     ****     tU16 channel0 = 0;
 470              		.loc 1 314 0
 471 02aa 1423     		movs	r3, #20
 472 02ac FB18     		adds	r3, r7, r3
 473 02ae 0022     		movs	r2, #0
 474 02b0 1A80     		strh	r2, [r3]
 315:tsl2561.c     ****     tU16 channel1 = 0;
 475              		.loc 1 315 0
 476 02b2 1223     		movs	r3, #18
 477 02b4 FB18     		adds	r3, r7, r3
 478 02b6 0022     		movs	r2, #0
 479 02b8 1A80     		strh	r2, [r3]
 316:tsl2561.c     **** 
 317:tsl2561.c     ****     // Sending a command to the device to power it up.
 318:tsl2561.c     ****     command[0] = 0x80;      // Change target register to control register (0x80 = 0b 1000 0000)
 480              		.loc 1 318 0
ARM GAS  C:\Users\embedded\AppData\Local\Temp\ccT3fr4S.s 			page 15


 481 02ba 3B1D     		adds	r3, r7, #4
 482 02bc 8022     		movs	r2, #128
 483 02be 1A70     		strb	r2, [r3]
 319:tsl2561.c     ****     command[1] = 0x03;      // Write 0x03 (so power up) the device
 484              		.loc 1 319 0
 485 02c0 3B1D     		adds	r3, r7, #4
 486 02c2 0322     		movs	r2, #3
 487 02c4 5A70     		strb	r2, [r3, #1]
 320:tsl2561.c     ****     retCode = i2cWrite(tsl2561WriteAddressFloat, command, 2);
 488              		.loc 1 320 0
 489 02c6 7C19     		adds	r4, r7, r5
 490 02c8 3B1D     		adds	r3, r7, #4
 491 02ca 0222     		movs	r2, #2
 492 02cc 1900     		movs	r1, r3
 493 02ce 7220     		movs	r0, #114
 494 02d0 FFF7FEFF 		bl	i2cWrite
 495 02d4 0300     		movs	r3, r0
 496 02d6 2370     		strb	r3, [r4]
 321:tsl2561.c     **** 
 322:tsl2561.c     ****     // Debug:
 323:tsl2561.c     ****     // retCode = i2cRead(tsl2561ReadAddressFloat, readValue, 1);
 324:tsl2561.c     ****     // if (readValue[0] == 0x03) {
 325:tsl2561.c     ****     //    lcdPuts("OK.");
 326:tsl2561.c     ****     // } else {
 327:tsl2561.c     ****     //    lcdPuts("Not OK.");
 328:tsl2561.c     ****     // }
 329:tsl2561.c     **** 
 330:tsl2561.c     ****     // Setting gain and integration time value.
 331:tsl2561.c     **** 
 332:tsl2561.c     ****     tU8 integTime = LOW_INTEG_TIME;
 497              		.loc 1 332 0
 498 02d8 1126     		movs	r6, #17
 499 02da BB19     		adds	r3, r7, r6
 500 02dc 0022     		movs	r2, #0
 501 02de 1A70     		strb	r2, [r3]
 333:tsl2561.c     ****     tU8 gainValue = HIGH_GAIN;
 502              		.loc 1 333 0
 503 02e0 1021     		movs	r1, #16
 504 02e2 7B18     		adds	r3, r7, r1
 505 02e4 0122     		movs	r2, #1
 506 02e6 1A70     		strb	r2, [r3]
 334:tsl2561.c     **** 
 335:tsl2561.c     ****     command[0] = (((tU8)0x08 << 4) | (tU8)0x01);
 507              		.loc 1 335 0
 508 02e8 3B1D     		adds	r3, r7, #4
 509 02ea 8122     		movs	r2, #129
 510 02ec 1A70     		strb	r2, [r3]
 336:tsl2561.c     ****     command[1] = ((gainValue << 4) | integTime); // 0x10 = 0b 0001 0000
 511              		.loc 1 336 0
 512 02ee 7B18     		adds	r3, r7, r1
 513 02f0 1B78     		ldrb	r3, [r3]
 514 02f2 1B01     		lsls	r3, r3, #4
 515 02f4 1B06     		lsls	r3, r3, #24
 516 02f6 1A16     		asrs	r2, r3, #24
 517 02f8 BB19     		adds	r3, r7, r6
 518 02fa 1B78     		ldrb	r3, [r3]
 519 02fc 1B06     		lsls	r3, r3, #24
ARM GAS  C:\Users\embedded\AppData\Local\Temp\ccT3fr4S.s 			page 16


 520 02fe 1B16     		asrs	r3, r3, #24
 521 0300 1343     		orrs	r3, r2
 522 0302 1B06     		lsls	r3, r3, #24
 523 0304 1B16     		asrs	r3, r3, #24
 524 0306 1B06     		lsls	r3, r3, #24
 525 0308 1A0E     		lsrs	r2, r3, #24
 526 030a 3B1D     		adds	r3, r7, #4
 527 030c 5A70     		strb	r2, [r3, #1]
 337:tsl2561.c     **** 
 338:tsl2561.c     ****     retCode = i2cWrite(tsl2561WriteAddressFloat, command, 2);
 528              		.loc 1 338 0
 529 030e 7C19     		adds	r4, r7, r5
 530 0310 3B1D     		adds	r3, r7, #4
 531 0312 0222     		movs	r2, #2
 532 0314 1900     		movs	r1, r3
 533 0316 7220     		movs	r0, #114
 534 0318 FFF7FEFF 		bl	i2cWrite
 535 031c 0300     		movs	r3, r0
 536 031e 2370     		strb	r3, [r4]
 339:tsl2561.c     **** 
 340:tsl2561.c     ****     if (integTime == LOW_INTEG_TIME)
 537              		.loc 1 340 0
 538 0320 BB19     		adds	r3, r7, r6
 539 0322 1B78     		ldrb	r3, [r3]
 540 0324 002B     		cmp	r3, #0
 541 0326 03D1     		bne	.L31
 542              	.LBB2:
 341:tsl2561.c     ****     {
 342:tsl2561.c     ****         mdelay(14);  // Waiting for 14 ms, since it takes 13.7 ms for both channels to integrate
 543              		.loc 1 342 0
 544 0328 0E20     		movs	r0, #14
 545 032a FFF7FEFF 		bl	mdelay
 546              	.LBE2:
 547 032e 0DE0     		b	.L32
 548              	.L31:
 343:tsl2561.c     ****     }
 344:tsl2561.c     ****     else if (integTime == MED_INTEG_TIME)
 549              		.loc 1 344 0
 550 0330 1123     		movs	r3, #17
 551 0332 FB18     		adds	r3, r7, r3
 552 0334 1B78     		ldrb	r3, [r3]
 553 0336 012B     		cmp	r3, #1
 554 0338 03D1     		bne	.L33
 555              	.LBB3:
 345:tsl2561.c     ****     {
 346:tsl2561.c     ****         mdelay(102); // Waiting for 102 ms, since it takes 101 ms for both channels to integrate
 556              		.loc 1 346 0
 557 033a 6620     		movs	r0, #102
 558 033c FFF7FEFF 		bl	mdelay
 559              	.LBE3:
 560 0340 04E0     		b	.L32
 561              	.L33:
 562              	.LBB4:
 347:tsl2561.c     ****     }
 348:tsl2561.c     ****     else
 349:tsl2561.c     ****     {
 350:tsl2561.c     ****         mdelay(403); // Waiting for 403 ms, since it takes 402 ms for both channels to integrate
ARM GAS  C:\Users\embedded\AppData\Local\Temp\ccT3fr4S.s 			page 17


 563              		.loc 1 350 0
 564 0342 9423     		movs	r3, #148
 565 0344 FF33     		adds	r3, r3, #255
 566 0346 1800     		movs	r0, r3
 567 0348 FFF7FEFF 		bl	mdelay
 568              	.L32:
 569              	.LBE4:
 351:tsl2561.c     ****     }
 352:tsl2561.c     **** 
 353:tsl2561.c     ****     // Command for reading low byte of 16 bit channel 0
 354:tsl2561.c     ****     command[0] = (((tU8)0x08 << 4) | (tU8)0x0C);
 570              		.loc 1 354 0
 571 034c 3B1D     		adds	r3, r7, #4
 572 034e 8C22     		movs	r2, #140
 573 0350 1A70     		strb	r2, [r3]
 355:tsl2561.c     ****     retCode = i2cWrite(tsl2561WriteAddressFloat, command, 1);
 574              		.loc 1 355 0
 575 0352 1725     		movs	r5, #23
 576 0354 7C19     		adds	r4, r7, r5
 577 0356 3B1D     		adds	r3, r7, #4
 578 0358 0122     		movs	r2, #1
 579 035a 1900     		movs	r1, r3
 580 035c 7220     		movs	r0, #114
 581 035e FFF7FEFF 		bl	i2cWrite
 582 0362 0300     		movs	r3, r0
 583 0364 2370     		strb	r3, [r4]
 356:tsl2561.c     ****     retCode = i2cRead(tsl2561ReadAddressFloat, readValue, 1);
 584              		.loc 1 356 0
 585 0366 7C19     		adds	r4, r7, r5
 586 0368 3B00     		movs	r3, r7
 587 036a 0122     		movs	r2, #1
 588 036c 1900     		movs	r1, r3
 589 036e 7320     		movs	r0, #115
 590 0370 FFF7FEFF 		bl	i2cRead
 591 0374 0300     		movs	r3, r0
 592 0376 2370     		strb	r3, [r4]
 357:tsl2561.c     ****     channel0 = channel0 + (tU16)readValue[0];
 593              		.loc 1 357 0
 594 0378 3B00     		movs	r3, r7
 595 037a 1B78     		ldrb	r3, [r3]
 596 037c 1B04     		lsls	r3, r3, #16
 597 037e 190C     		lsrs	r1, r3, #16
 598 0380 1426     		movs	r6, #20
 599 0382 BB19     		adds	r3, r7, r6
 600 0384 BA19     		adds	r2, r7, r6
 601 0386 1288     		ldrh	r2, [r2]
 602 0388 8A18     		adds	r2, r1, r2
 603 038a 1A80     		strh	r2, [r3]
 358:tsl2561.c     **** 
 359:tsl2561.c     ****     // Command for reading high byte of 16 bit channel 0
 360:tsl2561.c     ****     command[0] = (((tU8)0x08 << 4) | (tU8)0x0D);
 604              		.loc 1 360 0
 605 038c 3B1D     		adds	r3, r7, #4
 606 038e 8D22     		movs	r2, #141
 607 0390 1A70     		strb	r2, [r3]
 361:tsl2561.c     ****     retCode = i2cWrite(tsl2561WriteAddressFloat, command, 1);
 608              		.loc 1 361 0
ARM GAS  C:\Users\embedded\AppData\Local\Temp\ccT3fr4S.s 			page 18


 609 0392 7C19     		adds	r4, r7, r5
 610 0394 3B1D     		adds	r3, r7, #4
 611 0396 0122     		movs	r2, #1
 612 0398 1900     		movs	r1, r3
 613 039a 7220     		movs	r0, #114
 614 039c FFF7FEFF 		bl	i2cWrite
 615 03a0 0300     		movs	r3, r0
 616 03a2 2370     		strb	r3, [r4]
 362:tsl2561.c     ****     retCode = i2cRead(tsl2561ReadAddressFloat, readValue, 1);
 617              		.loc 1 362 0
 618 03a4 7C19     		adds	r4, r7, r5
 619 03a6 3B00     		movs	r3, r7
 620 03a8 0122     		movs	r2, #1
 621 03aa 1900     		movs	r1, r3
 622 03ac 7320     		movs	r0, #115
 623 03ae FFF7FEFF 		bl	i2cRead
 624 03b2 0300     		movs	r3, r0
 625 03b4 2370     		strb	r3, [r4]
 363:tsl2561.c     ****     channel0 = channel0 + ((tU16)256 * (tU16)readValue[0]);
 626              		.loc 1 363 0
 627 03b6 3B00     		movs	r3, r7
 628 03b8 1B78     		ldrb	r3, [r3]
 629 03ba 1B04     		lsls	r3, r3, #16
 630 03bc 1B0C     		lsrs	r3, r3, #16
 631 03be 1B02     		lsls	r3, r3, #8
 632 03c0 1B04     		lsls	r3, r3, #16
 633 03c2 190C     		lsrs	r1, r3, #16
 634 03c4 BB19     		adds	r3, r7, r6
 635 03c6 BA19     		adds	r2, r7, r6
 636 03c8 1288     		ldrh	r2, [r2]
 637 03ca 8A18     		adds	r2, r1, r2
 638 03cc 1A80     		strh	r2, [r3]
 364:tsl2561.c     **** 
 365:tsl2561.c     ****     // Command for reading low byte of 16 bit channel 1
 366:tsl2561.c     ****     command[0] = (((tU8)0x08 << 4) | (tU8)0x0E);
 639              		.loc 1 366 0
 640 03ce 3B1D     		adds	r3, r7, #4
 641 03d0 8E22     		movs	r2, #142
 642 03d2 1A70     		strb	r2, [r3]
 367:tsl2561.c     ****     retCode = i2cWrite(tsl2561WriteAddressFloat, command, 1);
 643              		.loc 1 367 0
 644 03d4 7C19     		adds	r4, r7, r5
 645 03d6 3B1D     		adds	r3, r7, #4
 646 03d8 0122     		movs	r2, #1
 647 03da 1900     		movs	r1, r3
 648 03dc 7220     		movs	r0, #114
 649 03de FFF7FEFF 		bl	i2cWrite
 650 03e2 0300     		movs	r3, r0
 651 03e4 2370     		strb	r3, [r4]
 368:tsl2561.c     ****     retCode = i2cRead(tsl2561ReadAddressFloat, readValue, 1);
 652              		.loc 1 368 0
 653 03e6 7C19     		adds	r4, r7, r5
 654 03e8 3B00     		movs	r3, r7
 655 03ea 0122     		movs	r2, #1
 656 03ec 1900     		movs	r1, r3
 657 03ee 7320     		movs	r0, #115
 658 03f0 FFF7FEFF 		bl	i2cRead
ARM GAS  C:\Users\embedded\AppData\Local\Temp\ccT3fr4S.s 			page 19


 659 03f4 0300     		movs	r3, r0
 660 03f6 2370     		strb	r3, [r4]
 369:tsl2561.c     ****     channel1 = channel1 + (tU16)readValue[0];
 661              		.loc 1 369 0
 662 03f8 3B00     		movs	r3, r7
 663 03fa 1B78     		ldrb	r3, [r3]
 664 03fc 1B04     		lsls	r3, r3, #16
 665 03fe 190C     		lsrs	r1, r3, #16
 666 0400 1222     		movs	r2, #18
 667 0402 BB18     		adds	r3, r7, r2
 668 0404 BA18     		adds	r2, r7, r2
 669 0406 1288     		ldrh	r2, [r2]
 670 0408 8A18     		adds	r2, r1, r2
 671 040a 1A80     		strh	r2, [r3]
 370:tsl2561.c     **** 
 371:tsl2561.c     ****     // Command for reading high byte of 16 bit channel 1
 372:tsl2561.c     ****     command[0] = (((tU8)0x08 << 4) | (tU8)0x0F);
 672              		.loc 1 372 0
 673 040c 3B1D     		adds	r3, r7, #4
 674 040e 8F22     		movs	r2, #143
 675 0410 1A70     		strb	r2, [r3]
 373:tsl2561.c     ****     retCode = i2cWrite(tsl2561WriteAddressFloat, command, 1);
 676              		.loc 1 373 0
 677 0412 7C19     		adds	r4, r7, r5
 678 0414 3B1D     		adds	r3, r7, #4
 679 0416 0122     		movs	r2, #1
 680 0418 1900     		movs	r1, r3
 681 041a 7220     		movs	r0, #114
 682 041c FFF7FEFF 		bl	i2cWrite
 683 0420 0300     		movs	r3, r0
 684 0422 2370     		strb	r3, [r4]
 374:tsl2561.c     ****     retCode = i2cRead(tsl2561ReadAddressFloat, readValue, 1);
 685              		.loc 1 374 0
 686 0424 7C19     		adds	r4, r7, r5
 687 0426 3B00     		movs	r3, r7
 688 0428 0122     		movs	r2, #1
 689 042a 1900     		movs	r1, r3
 690 042c 7320     		movs	r0, #115
 691 042e FFF7FEFF 		bl	i2cRead
 692 0432 0300     		movs	r3, r0
 693 0434 2370     		strb	r3, [r4]
 375:tsl2561.c     ****     channel1 = channel1 + ((tU16)256 * (tU16)readValue[0]);
 694              		.loc 1 375 0
 695 0436 3B00     		movs	r3, r7
 696 0438 1B78     		ldrb	r3, [r3]
 697 043a 1B04     		lsls	r3, r3, #16
 698 043c 1B0C     		lsrs	r3, r3, #16
 699 043e 1B02     		lsls	r3, r3, #8
 700 0440 1B04     		lsls	r3, r3, #16
 701 0442 190C     		lsrs	r1, r3, #16
 702 0444 1222     		movs	r2, #18
 703 0446 BB18     		adds	r3, r7, r2
 704 0448 BA18     		adds	r2, r7, r2
 705 044a 1288     		ldrh	r2, [r2]
 706 044c 8A18     		adds	r2, r1, r2
 707 044e 1A80     		strh	r2, [r3]
 376:tsl2561.c     **** 
ARM GAS  C:\Users\embedded\AppData\Local\Temp\ccT3fr4S.s 			page 20


 377:tsl2561.c     ****     // Sending a command to the device to power it down.
 378:tsl2561.c     ****     command[0] = 0x80;      // Change target register to control register (0x80 = 0b 1000 0000)
 708              		.loc 1 378 0
 709 0450 3B1D     		adds	r3, r7, #4
 710 0452 8022     		movs	r2, #128
 711 0454 1A70     		strb	r2, [r3]
 379:tsl2561.c     ****     command[0] = 0x00;      // Write 0x00 (so power down) the device
 712              		.loc 1 379 0
 713 0456 3B1D     		adds	r3, r7, #4
 714 0458 0022     		movs	r2, #0
 715 045a 1A70     		strb	r2, [r3]
 380:tsl2561.c     ****     retCode = i2cWrite(tsl2561WriteAddressFloat, command, 2);
 716              		.loc 1 380 0
 717 045c 7C19     		adds	r4, r7, r5
 718 045e 3B1D     		adds	r3, r7, #4
 719 0460 0222     		movs	r2, #2
 720 0462 1900     		movs	r1, r3
 721 0464 7220     		movs	r0, #114
 722 0466 FFF7FEFF 		bl	i2cWrite
 723 046a 0300     		movs	r3, r0
 724 046c 2370     		strb	r3, [r4]
 381:tsl2561.c     **** 
 382:tsl2561.c     ****     // tU64 brightnessValue = calculateBrightnessFloat(channel0, channel1);
 383:tsl2561.c     ****     tU64 brightnessValue = calculateBrightness(channel0, channel1, integTime, gainValue);
 725              		.loc 1 383 0
 726 046e 1021     		movs	r1, #16
 727 0470 7B18     		adds	r3, r7, r1
 728 0472 1C78     		ldrb	r4, [r3]
 729 0474 1121     		movs	r1, #17
 730 0476 7B18     		adds	r3, r7, r1
 731 0478 1A78     		ldrb	r2, [r3]
 732 047a 1223     		movs	r3, #18
 733 047c FB18     		adds	r3, r7, r3
 734 047e 1988     		ldrh	r1, [r3]
 735 0480 BB19     		adds	r3, r7, r6
 736 0482 1888     		ldrh	r0, [r3]
 737 0484 2300     		movs	r3, r4
 738 0486 FFF7FEFF 		bl	calculateBrightness
 739 048a 0300     		movs	r3, r0
 740 048c 0C00     		movs	r4, r1
 741 048e BB60     		str	r3, [r7, #8]
 742 0490 FC60     		str	r4, [r7, #12]
 384:tsl2561.c     **** 
 385:tsl2561.c     ****     return brightnessValue;
 743              		.loc 1 385 0
 744 0492 BB68     		ldr	r3, [r7, #8]
 745 0494 FC68     		ldr	r4, [r7, #12]
 386:tsl2561.c     **** }
 746              		.loc 1 386 0
 747 0496 1800     		movs	r0, r3
 748 0498 2100     		movs	r1, r4
 749 049a BD46     		mov	sp, r7
 750 049c 07B0     		add	sp, sp, #28
 751              		@ sp needed
 752 049e F0BC     		pop	{r4, r5, r6, r7}
 753 04a0 04BC     		pop	{r2}
 754 04a2 1047     		bx	r2
ARM GAS  C:\Users\embedded\AppData\Local\Temp\ccT3fr4S.s 			page 21


 755              		.cfi_endproc
 756              	.LFE1:
 757              		.size	measureBrightness, .-measureBrightness
 758              	.Letext0:
 759              		.file 2 "general.h"
 760              		.section	.debug_info,"",%progbits
 761              	.Ldebug_info0:
 762 0000 79020000 		.4byte	0x279
 763 0004 0200     		.2byte	0x2
 764 0006 00000000 		.4byte	.Ldebug_abbrev0
 765 000a 04       		.byte	0x4
 766 000b 01       		.uleb128 0x1
 767 000c BA000000 		.4byte	.LASF26
 768 0010 0C       		.byte	0xc
 769 0011 4C010000 		.4byte	.LASF27
 770 0015 66010000 		.4byte	.LASF28
 771 0019 00000000 		.4byte	.Ltext0
 772 001d A4040000 		.4byte	.Letext0
 773 0021 00000000 		.4byte	.Ldebug_line0
 774 0025 02       		.uleb128 0x2
 775 0026 74553800 		.ascii	"tU8\000"
 776 002a 02       		.byte	0x2
 777 002b 20       		.byte	0x20
 778 002c 30000000 		.4byte	0x30
 779 0030 03       		.uleb128 0x3
 780 0031 01       		.byte	0x1
 781 0032 08       		.byte	0x8
 782 0033 8F000000 		.4byte	.LASF1
 783 0037 04       		.uleb128 0x4
 784 0038 A3010000 		.4byte	.LASF0
 785 003c 02       		.byte	0x2
 786 003d 21       		.byte	0x21
 787 003e 42000000 		.4byte	0x42
 788 0042 03       		.uleb128 0x3
 789 0043 02       		.byte	0x2
 790 0044 07       		.byte	0x7
 791 0045 84010000 		.4byte	.LASF2
 792 0049 04       		.uleb128 0x4
 793 004a D6010000 		.4byte	.LASF3
 794 004e 02       		.byte	0x2
 795 004f 22       		.byte	0x22
 796 0050 54000000 		.4byte	0x54
 797 0054 03       		.uleb128 0x3
 798 0055 04       		.byte	0x4
 799 0056 07       		.byte	0x7
 800 0057 0E000000 		.4byte	.LASF4
 801 005b 04       		.uleb128 0x4
 802 005c 5B000000 		.4byte	.LASF5
 803 0060 02       		.byte	0x2
 804 0061 23       		.byte	0x23
 805 0062 66000000 		.4byte	0x66
 806 0066 03       		.uleb128 0x3
 807 0067 08       		.byte	0x8
 808 0068 07       		.byte	0x7
 809 0069 78000000 		.4byte	.LASF6
 810 006d 02       		.uleb128 0x2
 811 006e 74533800 		.ascii	"tS8\000"
ARM GAS  C:\Users\embedded\AppData\Local\Temp\ccT3fr4S.s 			page 22


 812 0072 02       		.byte	0x2
 813 0073 24       		.byte	0x24
 814 0074 78000000 		.4byte	0x78
 815 0078 03       		.uleb128 0x3
 816 0079 01       		.byte	0x1
 817 007a 06       		.byte	0x6
 818 007b 97010000 		.4byte	.LASF7
 819 007f 03       		.uleb128 0x3
 820 0080 02       		.byte	0x2
 821 0081 05       		.byte	0x5
 822 0082 B1010000 		.4byte	.LASF8
 823 0086 05       		.uleb128 0x5
 824 0087 04       		.byte	0x4
 825 0088 05       		.byte	0x5
 826 0089 696E7400 		.ascii	"int\000"
 827 008d 03       		.uleb128 0x3
 828 008e 08       		.byte	0x8
 829 008f 05       		.byte	0x5
 830 0090 00000000 		.4byte	.LASF9
 831 0094 06       		.uleb128 0x6
 832 0095 01       		.byte	0x1
 833 0096 1B000000 		.4byte	.LASF29
 834 009a 01       		.byte	0x1
 835 009b 3201     		.2byte	0x132
 836 009d 01       		.byte	0x1
 837 009e 5B000000 		.4byte	0x5b
 838 00a2 90020000 		.4byte	.LFB1
 839 00a6 A4040000 		.4byte	.LFE1
 840 00aa 00000000 		.4byte	.LLST1
 841 00ae 01       		.byte	0x1
 842 00af 82010000 		.4byte	0x182
 843 00b3 07       		.uleb128 0x7
 844 00b4 34000000 		.4byte	.LASF10
 845 00b8 01       		.byte	0x1
 846 00b9 3501     		.2byte	0x135
 847 00bb 6D000000 		.4byte	0x6d
 848 00bf 02       		.byte	0x2
 849 00c0 91       		.byte	0x91
 850 00c1 67       		.sleb128 -25
 851 00c2 07       		.uleb128 0x7
 852 00c3 44010000 		.4byte	.LASF11
 853 00c7 01       		.byte	0x1
 854 00c8 3601     		.2byte	0x136
 855 00ca 82010000 		.4byte	0x182
 856 00ce 02       		.byte	0x2
 857 00cf 91       		.byte	0x91
 858 00d0 54       		.sleb128 -44
 859 00d1 07       		.uleb128 0x7
 860 00d2 60000000 		.4byte	.LASF12
 861 00d6 01       		.byte	0x1
 862 00d7 3701     		.2byte	0x137
 863 00d9 92010000 		.4byte	0x192
 864 00dd 02       		.byte	0x2
 865 00de 91       		.byte	0x91
 866 00df 50       		.sleb128 -48
 867 00e0 07       		.uleb128 0x7
 868 00e1 A8010000 		.4byte	.LASF13
ARM GAS  C:\Users\embedded\AppData\Local\Temp\ccT3fr4S.s 			page 23


 869 00e5 01       		.byte	0x1
 870 00e6 3A01     		.2byte	0x13a
 871 00e8 37000000 		.4byte	0x37
 872 00ec 02       		.byte	0x2
 873 00ed 91       		.byte	0x91
 874 00ee 64       		.sleb128 -28
 875 00ef 07       		.uleb128 0x7
 876 00f0 DB010000 		.4byte	.LASF14
 877 00f4 01       		.byte	0x1
 878 00f5 3B01     		.2byte	0x13b
 879 00f7 37000000 		.4byte	0x37
 880 00fb 02       		.byte	0x2
 881 00fc 91       		.byte	0x91
 882 00fd 62       		.sleb128 -30
 883 00fe 07       		.uleb128 0x7
 884 00ff 9D000000 		.4byte	.LASF15
 885 0103 01       		.byte	0x1
 886 0104 4C01     		.2byte	0x14c
 887 0106 25000000 		.4byte	0x25
 888 010a 02       		.byte	0x2
 889 010b 91       		.byte	0x91
 890 010c 61       		.sleb128 -31
 891 010d 07       		.uleb128 0x7
 892 010e 3A010000 		.4byte	.LASF16
 893 0112 01       		.byte	0x1
 894 0113 4D01     		.2byte	0x14d
 895 0115 25000000 		.4byte	0x25
 896 0119 02       		.byte	0x2
 897 011a 91       		.byte	0x91
 898 011b 60       		.sleb128 -32
 899 011c 07       		.uleb128 0x7
 900 011d 56010000 		.4byte	.LASF17
 901 0121 01       		.byte	0x1
 902 0122 7F01     		.2byte	0x17f
 903 0124 5B000000 		.4byte	0x5b
 904 0128 02       		.byte	0x2
 905 0129 91       		.byte	0x91
 906 012a 58       		.sleb128 -40
 907 012b 08       		.uleb128 0x8
 908 012c 28030000 		.4byte	.LBB2
 909 0130 2E030000 		.4byte	.LBE2
 910 0134 49010000 		.4byte	0x149
 911 0138 09       		.uleb128 0x9
 912 0139 01       		.byte	0x1
 913 013a 2D000000 		.4byte	.LASF18
 914 013e 01       		.byte	0x1
 915 013f 5601     		.2byte	0x156
 916 0141 86000000 		.4byte	0x86
 917 0145 01       		.byte	0x1
 918 0146 0A       		.uleb128 0xa
 919 0147 00       		.byte	0
 920 0148 00       		.byte	0
 921 0149 08       		.uleb128 0x8
 922 014a 3A030000 		.4byte	.LBB3
 923 014e 40030000 		.4byte	.LBE3
 924 0152 67010000 		.4byte	0x167
 925 0156 09       		.uleb128 0x9
ARM GAS  C:\Users\embedded\AppData\Local\Temp\ccT3fr4S.s 			page 24


 926 0157 01       		.byte	0x1
 927 0158 2D000000 		.4byte	.LASF18
 928 015c 01       		.byte	0x1
 929 015d 5601     		.2byte	0x156
 930 015f 86000000 		.4byte	0x86
 931 0163 01       		.byte	0x1
 932 0164 0A       		.uleb128 0xa
 933 0165 00       		.byte	0
 934 0166 00       		.byte	0
 935 0167 0B       		.uleb128 0xb
 936 0168 42030000 		.4byte	.LBB4
 937 016c 4C030000 		.4byte	.LBE4
 938 0170 09       		.uleb128 0x9
 939 0171 01       		.byte	0x1
 940 0172 2D000000 		.4byte	.LASF18
 941 0176 01       		.byte	0x1
 942 0177 5601     		.2byte	0x156
 943 0179 86000000 		.4byte	0x86
 944 017d 01       		.byte	0x1
 945 017e 0A       		.uleb128 0xa
 946 017f 00       		.byte	0
 947 0180 00       		.byte	0
 948 0181 00       		.byte	0
 949 0182 0C       		.uleb128 0xc
 950 0183 25000000 		.4byte	0x25
 951 0187 92010000 		.4byte	0x192
 952 018b 0D       		.uleb128 0xd
 953 018c 54000000 		.4byte	0x54
 954 0190 01       		.byte	0x1
 955 0191 00       		.byte	0
 956 0192 0C       		.uleb128 0xc
 957 0193 25000000 		.4byte	0x25
 958 0197 A2010000 		.4byte	0x1a2
 959 019b 0D       		.uleb128 0xd
 960 019c 54000000 		.4byte	0x54
 961 01a0 00       		.byte	0
 962 01a1 00       		.byte	0
 963 01a2 0E       		.uleb128 0xe
 964 01a3 01       		.byte	0x1
 965 01a4 C2010000 		.4byte	.LASF30
 966 01a8 01       		.byte	0x1
 967 01a9 8E       		.byte	0x8e
 968 01aa 01       		.byte	0x1
 969 01ab 5B000000 		.4byte	0x5b
 970 01af 00000000 		.4byte	.LFB0
 971 01b3 90020000 		.4byte	.LFE0
 972 01b7 38000000 		.4byte	.LLST0
 973 01bb 01       		.byte	0x1
 974 01bc 0F       		.uleb128 0xf
 975 01bd A8010000 		.4byte	.LASF13
 976 01c1 01       		.byte	0x1
 977 01c2 8E       		.byte	0x8e
 978 01c3 37000000 		.4byte	0x37
 979 01c7 03       		.byte	0x3
 980 01c8 91       		.byte	0x91
 981 01c9 A67F     		.sleb128 -90
 982 01cb 0F       		.uleb128 0xf
ARM GAS  C:\Users\embedded\AppData\Local\Temp\ccT3fr4S.s 			page 25


 983 01cc DB010000 		.4byte	.LASF14
 984 01d0 01       		.byte	0x1
 985 01d1 8E       		.byte	0x8e
 986 01d2 37000000 		.4byte	0x37
 987 01d6 03       		.byte	0x3
 988 01d7 91       		.byte	0x91
 989 01d8 A47F     		.sleb128 -92
 990 01da 0F       		.uleb128 0xf
 991 01db 9D000000 		.4byte	.LASF15
 992 01df 01       		.byte	0x1
 993 01e0 8E       		.byte	0x8e
 994 01e1 25000000 		.4byte	0x25
 995 01e5 03       		.byte	0x3
 996 01e6 91       		.byte	0x91
 997 01e7 A37F     		.sleb128 -93
 998 01e9 0F       		.uleb128 0xf
 999 01ea 3A010000 		.4byte	.LASF16
 1000 01ee 01       		.byte	0x1
 1001 01ef 8E       		.byte	0x8e
 1002 01f0 25000000 		.4byte	0x25
 1003 01f4 03       		.byte	0x3
 1004 01f5 91       		.byte	0x91
 1005 01f6 A27F     		.sleb128 -94
 1006 01f8 10       		.uleb128 0x10
 1007 01f9 3C000000 		.4byte	.LASF19
 1008 01fd 01       		.byte	0x1
 1009 01fe 90       		.byte	0x90
 1010 01ff 5B000000 		.4byte	0x5b
 1011 0203 02       		.byte	0x2
 1012 0204 91       		.byte	0x91
 1013 0205 60       		.sleb128 -32
 1014 0206 11       		.uleb128 0x11
 1015 0207 63683000 		.ascii	"ch0\000"
 1016 020b 01       		.byte	0x1
 1017 020c A8       		.byte	0xa8
 1018 020d 5B000000 		.4byte	0x5b
 1019 0211 02       		.byte	0x2
 1020 0212 91       		.byte	0x91
 1021 0213 48       		.sleb128 -56
 1022 0214 11       		.uleb128 0x11
 1023 0215 63683100 		.ascii	"ch1\000"
 1024 0219 01       		.byte	0x1
 1025 021a A9       		.byte	0xa9
 1026 021b 5B000000 		.4byte	0x5b
 1027 021f 02       		.byte	0x2
 1028 0220 91       		.byte	0x91
 1029 0221 40       		.sleb128 -64
 1030 0222 10       		.uleb128 0x10
 1031 0223 6A000000 		.4byte	.LASF20
 1032 0227 01       		.byte	0x1
 1033 0228 AD       		.byte	0xad
 1034 0229 5B000000 		.4byte	0x5b
 1035 022d 02       		.byte	0x2
 1036 022e 91       		.byte	0x91
 1037 022f 58       		.sleb128 -40
 1038 0230 10       		.uleb128 0x10
 1039 0231 44000000 		.4byte	.LASF21
ARM GAS  C:\Users\embedded\AppData\Local\Temp\ccT3fr4S.s 			page 26


 1040 0235 01       		.byte	0x1
 1041 0236 B4       		.byte	0xb4
 1042 0237 5B000000 		.4byte	0x5b
 1043 023b 03       		.byte	0x3
 1044 023c 91       		.byte	0x91
 1045 023d B87F     		.sleb128 -72
 1046 023f 10       		.uleb128 0x10
 1047 0240 A7000000 		.4byte	.LASF22
 1048 0244 01       		.byte	0x1
 1049 0245 B5       		.byte	0xb5
 1050 0246 49000000 		.4byte	0x49
 1051 024a 02       		.byte	0x2
 1052 024b 91       		.byte	0x91
 1053 024c 54       		.sleb128 -44
 1054 024d 10       		.uleb128 0x10
 1055 024e BB010000 		.4byte	.LASF23
 1056 0252 01       		.byte	0x1
 1057 0253 B6       		.byte	0xb6
 1058 0254 49000000 		.4byte	0x49
 1059 0258 02       		.byte	0x2
 1060 0259 91       		.byte	0x91
 1061 025a 50       		.sleb128 -48
 1062 025b 07       		.uleb128 0x7
 1063 025c 51000000 		.4byte	.LASF24
 1064 0260 01       		.byte	0x1
 1065 0261 1101     		.2byte	0x111
 1066 0263 5B000000 		.4byte	0x5b
 1067 0267 03       		.byte	0x3
 1068 0268 91       		.byte	0x91
 1069 0269 B07F     		.sleb128 -80
 1070 026b 07       		.uleb128 0x7
 1071 026c AE000000 		.4byte	.LASF25
 1072 0270 01       		.byte	0x1
 1073 0271 1E01     		.2byte	0x11e
 1074 0273 5B000000 		.4byte	0x5b
 1075 0277 03       		.byte	0x3
 1076 0278 91       		.byte	0x91
 1077 0279 A87F     		.sleb128 -88
 1078 027b 00       		.byte	0
 1079 027c 00       		.byte	0
 1080              		.section	.debug_abbrev,"",%progbits
 1081              	.Ldebug_abbrev0:
 1082 0000 01       		.uleb128 0x1
 1083 0001 11       		.uleb128 0x11
 1084 0002 01       		.byte	0x1
 1085 0003 25       		.uleb128 0x25
 1086 0004 0E       		.uleb128 0xe
 1087 0005 13       		.uleb128 0x13
 1088 0006 0B       		.uleb128 0xb
 1089 0007 03       		.uleb128 0x3
 1090 0008 0E       		.uleb128 0xe
 1091 0009 1B       		.uleb128 0x1b
 1092 000a 0E       		.uleb128 0xe
 1093 000b 11       		.uleb128 0x11
 1094 000c 01       		.uleb128 0x1
 1095 000d 12       		.uleb128 0x12
 1096 000e 01       		.uleb128 0x1
ARM GAS  C:\Users\embedded\AppData\Local\Temp\ccT3fr4S.s 			page 27


 1097 000f 10       		.uleb128 0x10
 1098 0010 06       		.uleb128 0x6
 1099 0011 00       		.byte	0
 1100 0012 00       		.byte	0
 1101 0013 02       		.uleb128 0x2
 1102 0014 16       		.uleb128 0x16
 1103 0015 00       		.byte	0
 1104 0016 03       		.uleb128 0x3
 1105 0017 08       		.uleb128 0x8
 1106 0018 3A       		.uleb128 0x3a
 1107 0019 0B       		.uleb128 0xb
 1108 001a 3B       		.uleb128 0x3b
 1109 001b 0B       		.uleb128 0xb
 1110 001c 49       		.uleb128 0x49
 1111 001d 13       		.uleb128 0x13
 1112 001e 00       		.byte	0
 1113 001f 00       		.byte	0
 1114 0020 03       		.uleb128 0x3
 1115 0021 24       		.uleb128 0x24
 1116 0022 00       		.byte	0
 1117 0023 0B       		.uleb128 0xb
 1118 0024 0B       		.uleb128 0xb
 1119 0025 3E       		.uleb128 0x3e
 1120 0026 0B       		.uleb128 0xb
 1121 0027 03       		.uleb128 0x3
 1122 0028 0E       		.uleb128 0xe
 1123 0029 00       		.byte	0
 1124 002a 00       		.byte	0
 1125 002b 04       		.uleb128 0x4
 1126 002c 16       		.uleb128 0x16
 1127 002d 00       		.byte	0
 1128 002e 03       		.uleb128 0x3
 1129 002f 0E       		.uleb128 0xe
 1130 0030 3A       		.uleb128 0x3a
 1131 0031 0B       		.uleb128 0xb
 1132 0032 3B       		.uleb128 0x3b
 1133 0033 0B       		.uleb128 0xb
 1134 0034 49       		.uleb128 0x49
 1135 0035 13       		.uleb128 0x13
 1136 0036 00       		.byte	0
 1137 0037 00       		.byte	0
 1138 0038 05       		.uleb128 0x5
 1139 0039 24       		.uleb128 0x24
 1140 003a 00       		.byte	0
 1141 003b 0B       		.uleb128 0xb
 1142 003c 0B       		.uleb128 0xb
 1143 003d 3E       		.uleb128 0x3e
 1144 003e 0B       		.uleb128 0xb
 1145 003f 03       		.uleb128 0x3
 1146 0040 08       		.uleb128 0x8
 1147 0041 00       		.byte	0
 1148 0042 00       		.byte	0
 1149 0043 06       		.uleb128 0x6
 1150 0044 2E       		.uleb128 0x2e
 1151 0045 01       		.byte	0x1
 1152 0046 3F       		.uleb128 0x3f
 1153 0047 0C       		.uleb128 0xc
ARM GAS  C:\Users\embedded\AppData\Local\Temp\ccT3fr4S.s 			page 28


 1154 0048 03       		.uleb128 0x3
 1155 0049 0E       		.uleb128 0xe
 1156 004a 3A       		.uleb128 0x3a
 1157 004b 0B       		.uleb128 0xb
 1158 004c 3B       		.uleb128 0x3b
 1159 004d 05       		.uleb128 0x5
 1160 004e 27       		.uleb128 0x27
 1161 004f 0C       		.uleb128 0xc
 1162 0050 49       		.uleb128 0x49
 1163 0051 13       		.uleb128 0x13
 1164 0052 11       		.uleb128 0x11
 1165 0053 01       		.uleb128 0x1
 1166 0054 12       		.uleb128 0x12
 1167 0055 01       		.uleb128 0x1
 1168 0056 40       		.uleb128 0x40
 1169 0057 06       		.uleb128 0x6
 1170 0058 9642     		.uleb128 0x2116
 1171 005a 0C       		.uleb128 0xc
 1172 005b 01       		.uleb128 0x1
 1173 005c 13       		.uleb128 0x13
 1174 005d 00       		.byte	0
 1175 005e 00       		.byte	0
 1176 005f 07       		.uleb128 0x7
 1177 0060 34       		.uleb128 0x34
 1178 0061 00       		.byte	0
 1179 0062 03       		.uleb128 0x3
 1180 0063 0E       		.uleb128 0xe
 1181 0064 3A       		.uleb128 0x3a
 1182 0065 0B       		.uleb128 0xb
 1183 0066 3B       		.uleb128 0x3b
 1184 0067 05       		.uleb128 0x5
 1185 0068 49       		.uleb128 0x49
 1186 0069 13       		.uleb128 0x13
 1187 006a 02       		.uleb128 0x2
 1188 006b 0A       		.uleb128 0xa
 1189 006c 00       		.byte	0
 1190 006d 00       		.byte	0
 1191 006e 08       		.uleb128 0x8
 1192 006f 0B       		.uleb128 0xb
 1193 0070 01       		.byte	0x1
 1194 0071 11       		.uleb128 0x11
 1195 0072 01       		.uleb128 0x1
 1196 0073 12       		.uleb128 0x12
 1197 0074 01       		.uleb128 0x1
 1198 0075 01       		.uleb128 0x1
 1199 0076 13       		.uleb128 0x13
 1200 0077 00       		.byte	0
 1201 0078 00       		.byte	0
 1202 0079 09       		.uleb128 0x9
 1203 007a 2E       		.uleb128 0x2e
 1204 007b 01       		.byte	0x1
 1205 007c 3F       		.uleb128 0x3f
 1206 007d 0C       		.uleb128 0xc
 1207 007e 03       		.uleb128 0x3
 1208 007f 0E       		.uleb128 0xe
 1209 0080 3A       		.uleb128 0x3a
 1210 0081 0B       		.uleb128 0xb
ARM GAS  C:\Users\embedded\AppData\Local\Temp\ccT3fr4S.s 			page 29


 1211 0082 3B       		.uleb128 0x3b
 1212 0083 05       		.uleb128 0x5
 1213 0084 49       		.uleb128 0x49
 1214 0085 13       		.uleb128 0x13
 1215 0086 3C       		.uleb128 0x3c
 1216 0087 0C       		.uleb128 0xc
 1217 0088 00       		.byte	0
 1218 0089 00       		.byte	0
 1219 008a 0A       		.uleb128 0xa
 1220 008b 18       		.uleb128 0x18
 1221 008c 00       		.byte	0
 1222 008d 00       		.byte	0
 1223 008e 00       		.byte	0
 1224 008f 0B       		.uleb128 0xb
 1225 0090 0B       		.uleb128 0xb
 1226 0091 01       		.byte	0x1
 1227 0092 11       		.uleb128 0x11
 1228 0093 01       		.uleb128 0x1
 1229 0094 12       		.uleb128 0x12
 1230 0095 01       		.uleb128 0x1
 1231 0096 00       		.byte	0
 1232 0097 00       		.byte	0
 1233 0098 0C       		.uleb128 0xc
 1234 0099 01       		.uleb128 0x1
 1235 009a 01       		.byte	0x1
 1236 009b 49       		.uleb128 0x49
 1237 009c 13       		.uleb128 0x13
 1238 009d 01       		.uleb128 0x1
 1239 009e 13       		.uleb128 0x13
 1240 009f 00       		.byte	0
 1241 00a0 00       		.byte	0
 1242 00a1 0D       		.uleb128 0xd
 1243 00a2 21       		.uleb128 0x21
 1244 00a3 00       		.byte	0
 1245 00a4 49       		.uleb128 0x49
 1246 00a5 13       		.uleb128 0x13
 1247 00a6 2F       		.uleb128 0x2f
 1248 00a7 0B       		.uleb128 0xb
 1249 00a8 00       		.byte	0
 1250 00a9 00       		.byte	0
 1251 00aa 0E       		.uleb128 0xe
 1252 00ab 2E       		.uleb128 0x2e
 1253 00ac 01       		.byte	0x1
 1254 00ad 3F       		.uleb128 0x3f
 1255 00ae 0C       		.uleb128 0xc
 1256 00af 03       		.uleb128 0x3
 1257 00b0 0E       		.uleb128 0xe
 1258 00b1 3A       		.uleb128 0x3a
 1259 00b2 0B       		.uleb128 0xb
 1260 00b3 3B       		.uleb128 0x3b
 1261 00b4 0B       		.uleb128 0xb
 1262 00b5 27       		.uleb128 0x27
 1263 00b6 0C       		.uleb128 0xc
 1264 00b7 49       		.uleb128 0x49
 1265 00b8 13       		.uleb128 0x13
 1266 00b9 11       		.uleb128 0x11
 1267 00ba 01       		.uleb128 0x1
ARM GAS  C:\Users\embedded\AppData\Local\Temp\ccT3fr4S.s 			page 30


 1268 00bb 12       		.uleb128 0x12
 1269 00bc 01       		.uleb128 0x1
 1270 00bd 40       		.uleb128 0x40
 1271 00be 06       		.uleb128 0x6
 1272 00bf 9642     		.uleb128 0x2116
 1273 00c1 0C       		.uleb128 0xc
 1274 00c2 00       		.byte	0
 1275 00c3 00       		.byte	0
 1276 00c4 0F       		.uleb128 0xf
 1277 00c5 05       		.uleb128 0x5
 1278 00c6 00       		.byte	0
 1279 00c7 03       		.uleb128 0x3
 1280 00c8 0E       		.uleb128 0xe
 1281 00c9 3A       		.uleb128 0x3a
 1282 00ca 0B       		.uleb128 0xb
 1283 00cb 3B       		.uleb128 0x3b
 1284 00cc 0B       		.uleb128 0xb
 1285 00cd 49       		.uleb128 0x49
 1286 00ce 13       		.uleb128 0x13
 1287 00cf 02       		.uleb128 0x2
 1288 00d0 0A       		.uleb128 0xa
 1289 00d1 00       		.byte	0
 1290 00d2 00       		.byte	0
 1291 00d3 10       		.uleb128 0x10
 1292 00d4 34       		.uleb128 0x34
 1293 00d5 00       		.byte	0
 1294 00d6 03       		.uleb128 0x3
 1295 00d7 0E       		.uleb128 0xe
 1296 00d8 3A       		.uleb128 0x3a
 1297 00d9 0B       		.uleb128 0xb
 1298 00da 3B       		.uleb128 0x3b
 1299 00db 0B       		.uleb128 0xb
 1300 00dc 49       		.uleb128 0x49
 1301 00dd 13       		.uleb128 0x13
 1302 00de 02       		.uleb128 0x2
 1303 00df 0A       		.uleb128 0xa
 1304 00e0 00       		.byte	0
 1305 00e1 00       		.byte	0
 1306 00e2 11       		.uleb128 0x11
 1307 00e3 34       		.uleb128 0x34
 1308 00e4 00       		.byte	0
 1309 00e5 03       		.uleb128 0x3
 1310 00e6 08       		.uleb128 0x8
 1311 00e7 3A       		.uleb128 0x3a
 1312 00e8 0B       		.uleb128 0xb
 1313 00e9 3B       		.uleb128 0x3b
 1314 00ea 0B       		.uleb128 0xb
 1315 00eb 49       		.uleb128 0x49
 1316 00ec 13       		.uleb128 0x13
 1317 00ed 02       		.uleb128 0x2
 1318 00ee 0A       		.uleb128 0xa
 1319 00ef 00       		.byte	0
 1320 00f0 00       		.byte	0
 1321 00f1 00       		.byte	0
 1322              		.section	.debug_loc,"",%progbits
 1323              	.Ldebug_loc0:
 1324              	.LLST1:
ARM GAS  C:\Users\embedded\AppData\Local\Temp\ccT3fr4S.s 			page 31


 1325 0000 90020000 		.4byte	.LFB1-.Ltext0
 1326 0004 92020000 		.4byte	.LCFI3-.Ltext0
 1327 0008 0200     		.2byte	0x2
 1328 000a 7D       		.byte	0x7d
 1329 000b 00       		.sleb128 0
 1330 000c 92020000 		.4byte	.LCFI3-.Ltext0
 1331 0010 94020000 		.4byte	.LCFI4-.Ltext0
 1332 0014 0200     		.2byte	0x2
 1333 0016 7D       		.byte	0x7d
 1334 0017 14       		.sleb128 20
 1335 0018 94020000 		.4byte	.LCFI4-.Ltext0
 1336 001c 96020000 		.4byte	.LCFI5-.Ltext0
 1337 0020 0200     		.2byte	0x2
 1338 0022 7D       		.byte	0x7d
 1339 0023 30       		.sleb128 48
 1340 0024 96020000 		.4byte	.LCFI5-.Ltext0
 1341 0028 A4040000 		.4byte	.LFE1-.Ltext0
 1342 002c 0200     		.2byte	0x2
 1343 002e 77       		.byte	0x77
 1344 002f 30       		.sleb128 48
 1345 0030 00000000 		.4byte	0
 1346 0034 00000000 		.4byte	0
 1347              	.LLST0:
 1348 0038 00000000 		.4byte	.LFB0-.Ltext0
 1349 003c 02000000 		.4byte	.LCFI0-.Ltext0
 1350 0040 0200     		.2byte	0x2
 1351 0042 7D       		.byte	0x7d
 1352 0043 00       		.sleb128 0
 1353 0044 02000000 		.4byte	.LCFI0-.Ltext0
 1354 0048 04000000 		.4byte	.LCFI1-.Ltext0
 1355 004c 0200     		.2byte	0x2
 1356 004e 7D       		.byte	0x7d
 1357 004f 14       		.sleb128 20
 1358 0050 04000000 		.4byte	.LCFI1-.Ltext0
 1359 0054 06000000 		.4byte	.LCFI2-.Ltext0
 1360 0058 0300     		.2byte	0x3
 1361 005a 7D       		.byte	0x7d
 1362 005b 8801     		.sleb128 136
 1363 005d 06000000 		.4byte	.LCFI2-.Ltext0
 1364 0061 90020000 		.4byte	.LFE0-.Ltext0
 1365 0065 0300     		.2byte	0x3
 1366 0067 77       		.byte	0x77
 1367 0068 8801     		.sleb128 136
 1368 006a 00000000 		.4byte	0
 1369 006e 00000000 		.4byte	0
 1370              		.section	.debug_aranges,"",%progbits
 1371 0000 1C000000 		.4byte	0x1c
 1372 0004 0200     		.2byte	0x2
 1373 0006 00000000 		.4byte	.Ldebug_info0
 1374 000a 04       		.byte	0x4
 1375 000b 00       		.byte	0
 1376 000c 0000     		.2byte	0
 1377 000e 0000     		.2byte	0
 1378 0010 00000000 		.4byte	.Ltext0
 1379 0014 A4040000 		.4byte	.Letext0-.Ltext0
 1380 0018 00000000 		.4byte	0
 1381 001c 00000000 		.4byte	0
ARM GAS  C:\Users\embedded\AppData\Local\Temp\ccT3fr4S.s 			page 32


 1382              		.section	.debug_line,"",%progbits
 1383              	.Ldebug_line0:
 1384 0000 A4000000 		.section	.debug_str,"MS",%progbits,1
 1384      02002D00 
 1384      00000201 
 1384      FB0E0D00 
 1384      01010101 
 1385              	.LASF9:
 1386 0000 6C6F6E67 		.ascii	"long long int\000"
 1386      206C6F6E 
 1386      6720696E 
 1386      7400
 1387              	.LASF4:
 1388 000e 756E7369 		.ascii	"unsigned int\000"
 1388      676E6564 
 1388      20696E74 
 1388      00
 1389              	.LASF29:
 1390 001b 6D656173 		.ascii	"measureBrightness\000"
 1390      75726542 
 1390      72696768 
 1390      746E6573 
 1390      7300
 1391              	.LASF18:
 1392 002d 6D64656C 		.ascii	"mdelay\000"
 1392      617900
 1393              	.LASF10:
 1394 0034 72657443 		.ascii	"retCode\000"
 1394      6F646500 
 1395              	.LASF19:
 1396 003c 63685363 		.ascii	"chScale\000"
 1396      616C6500 
 1397              	.LASF21:
 1398 0044 726F756E 		.ascii	"roundedRatio\000"
 1398      64656452 
 1398      6174696F 
 1398      00
 1399              	.LASF24:
 1400 0051 74656D70 		.ascii	"temporary\000"
 1400      6F726172 
 1400      7900
 1401              	.LASF5:
 1402 005b 74553634 		.ascii	"tU64\000"
 1402      00
 1403              	.LASF12:
 1404 0060 72656164 		.ascii	"readValue\000"
 1404      56616C75 
 1404      6500
 1405              	.LASF20:
 1406 006a 6368616E 		.ascii	"channelsRatio\000"
 1406      6E656C73 
 1406      52617469 
 1406      6F00
 1407              	.LASF6:
 1408 0078 6C6F6E67 		.ascii	"long long unsigned int\000"
 1408      206C6F6E 
 1408      6720756E 
ARM GAS  C:\Users\embedded\AppData\Local\Temp\ccT3fr4S.s 			page 33


 1408      7369676E 
 1408      65642069 
 1409              	.LASF1:
 1410 008f 756E7369 		.ascii	"unsigned char\000"
 1410      676E6564 
 1410      20636861 
 1410      7200
 1411              	.LASF15:
 1412 009d 696E7465 		.ascii	"integTime\000"
 1412      6754696D 
 1412      6500
 1413              	.LASF22:
 1414 00a7 6256616C 		.ascii	"bValue\000"
 1414      756500
 1415              	.LASF25:
 1416 00ae 72657375 		.ascii	"resultInLux\000"
 1416      6C74496E 
 1416      4C757800 
 1417              	.LASF26:
 1418 00ba 474E5520 		.ascii	"GNU C11 7.3.1 20180622 (release) [ARM/embedded-7-br"
 1418      43313120 
 1418      372E332E 
 1418      31203230 
 1418      31383036 
 1419 00ed 616E6368 		.ascii	"anch revision 261907] -mcpu=arm7tdmi -mthumb -mthum"
 1419      20726576 
 1419      6973696F 
 1419      6E203236 
 1419      31393037 
 1420 0120 622D696E 		.ascii	"b-interwork -gdwarf-2 -O0\000"
 1420      74657277 
 1420      6F726B20 
 1420      2D676477 
 1420      6172662D 
 1421              	.LASF16:
 1422 013a 6761696E 		.ascii	"gainValue\000"
 1422      56616C75 
 1422      6500
 1423              	.LASF11:
 1424 0144 636F6D6D 		.ascii	"command\000"
 1424      616E6400 
 1425              	.LASF27:
 1426 014c 74736C32 		.ascii	"tsl2561.c\000"
 1426      3536312E 
 1426      6300
 1427              	.LASF17:
 1428 0156 62726967 		.ascii	"brightnessValue\000"
 1428      68746E65 
 1428      73735661 
 1428      6C756500 
 1429              	.LASF28:
 1430 0166 433A5C45 		.ascii	"C:\\Embedded\\2138MiniDemo\\2138\000"
 1430      6D626564 
 1430      6465645C 
 1430      32313338 
 1430      4D696E69 
 1431              	.LASF2:
ARM GAS  C:\Users\embedded\AppData\Local\Temp\ccT3fr4S.s 			page 34


 1432 0184 73686F72 		.ascii	"short unsigned int\000"
 1432      7420756E 
 1432      7369676E 
 1432      65642069 
 1432      6E7400
 1433              	.LASF7:
 1434 0197 7369676E 		.ascii	"signed char\000"
 1434      65642063 
 1434      68617200 
 1435              	.LASF0:
 1436 01a3 74553136 		.ascii	"tU16\000"
 1436      00
 1437              	.LASF13:
 1438 01a8 6368616E 		.ascii	"channel0\000"
 1438      6E656C30 
 1438      00
 1439              	.LASF8:
 1440 01b1 73686F72 		.ascii	"short int\000"
 1440      7420696E 
 1440      7400
 1441              	.LASF23:
 1442 01bb 6D56616C 		.ascii	"mValue\000"
 1442      756500
 1443              	.LASF30:
 1444 01c2 63616C63 		.ascii	"calculateBrightness\000"
 1444      756C6174 
 1444      65427269 
 1444      6768746E 
 1444      65737300 
 1445              	.LASF3:
 1446 01d6 74553332 		.ascii	"tU32\000"
 1446      00
 1447              	.LASF14:
 1448 01db 6368616E 		.ascii	"channel1\000"
 1448      6E656C31 
 1448      00
 1449              		.ident	"GCC: (GNU Tools for Arm Embedded Processors 7-2018-q2-update) 7.3.1 20180622 (release) [AR
ARM GAS  C:\Users\embedded\AppData\Local\Temp\ccT3fr4S.s 			page 35


DEFINED SYMBOLS
                            *ABS*:00000000 tsl2561.c
C:\Users\embedded\AppData\Local\Temp\ccT3fr4S.s:24     .text:00000000 calculateBrightness
C:\Users\embedded\AppData\Local\Temp\ccT3fr4S.s:32     .text:00000000 $t
C:\Users\embedded\AppData\Local\Temp\ccT3fr4S.s:418    .text:00000270 $d
C:\Users\embedded\AppData\Local\Temp\ccT3fr4S.s:429    .text:00000290 $t
C:\Users\embedded\AppData\Local\Temp\ccT3fr4S.s:436    .text:00000290 measureBrightness

UNDEFINED SYMBOLS
__aeabi_lmul
__aeabi_uldivmod
i2cWrite
mdelay
i2cRead
