ARM GAS  C:\Users\embedded\AppData\Local\Temp\ccGo4yFk.s 			page 1


   1              		.cpu arm7tdmi
   2              		.eabi_attribute 20, 1
   3              		.eabi_attribute 21, 1
   4              		.eabi_attribute 23, 3
   5              		.eabi_attribute 24, 1
   6              		.eabi_attribute 25, 1
   7              		.eabi_attribute 26, 1
   8              		.eabi_attribute 30, 6
   9              		.eabi_attribute 34, 0
  10              		.eabi_attribute 18, 4
  11              		.file	"pca9532.c"
  12              		.text
  13              	.Ltext0:
  14              		.cfi_sections	.debug_frame
  15              		.section	.rodata
  16              		.align	2
  17              	.LC0:
  18 0000 12       		.byte	18
  19 0001 97       		.byte	-105
  20 0002 80       		.byte	-128
  21 0003 00       		.byte	0
  22 0004 40       		.byte	64
  23 0005 00       		.byte	0
  24 0006 00       		.byte	0
  25 0007 00       		.byte	0
  26 0008 00       		.byte	0
  27              		.text
  28              		.align	1
  29              		.global	pca9532Init
  30              		.syntax unified
  31              		.code	16
  32              		.thumb_func
  33              		.fpu softvfp
  34              		.type	pca9532Init, %function
  35              	pca9532Init:
  36              	.LFB0:
  37              		.file 1 "pca9532.c"
   1:pca9532.c     **** /******************************************************************************
   2:pca9532.c     ****  *
   3:pca9532.c     ****  * Copyright:
   4:pca9532.c     ****  *    (C) 2006 Embedded Artists AB
   5:pca9532.c     ****  *
   6:pca9532.c     ****  * File:
   7:pca9532.c     ****  *    pca9532.c
   8:pca9532.c     ****  *
   9:pca9532.c     ****  * Description:
  10:pca9532.c     ****  *    Implements hardware specific routines
  11:pca9532.c     ****  *
  12:pca9532.c     ****  *****************************************************************************/
  13:pca9532.c     **** 
  14:pca9532.c     **** /******************************************************************************
  15:pca9532.c     ****  * Includes
  16:pca9532.c     ****  *****************************************************************************/
  17:pca9532.c     **** #include "general.h"
  18:pca9532.c     **** #include <lpc2xxx.h>
  19:pca9532.c     **** #include <printf_P.h>
  20:pca9532.c     **** #include "i2c.h"
ARM GAS  C:\Users\embedded\AppData\Local\Temp\ccGo4yFk.s 			page 2


  21:pca9532.c     **** #include "pca9532.h"
  22:pca9532.c     **** #include "eeprom.h"
  23:pca9532.c     **** 
  24:pca9532.c     **** /******************************************************************************
  25:pca9532.c     ****  * Typedefs and defines
  26:pca9532.c     ****  *****************************************************************************/
  27:pca9532.c     **** 
  28:pca9532.c     **** 
  29:pca9532.c     **** /*****************************************************************************
  30:pca9532.c     ****  * Global variables
  31:pca9532.c     ****  ****************************************************************************/
  32:pca9532.c     **** 
  33:pca9532.c     **** /*****************************************************************************
  34:pca9532.c     ****  * Local variables
  35:pca9532.c     ****  ****************************************************************************/
  36:pca9532.c     **** 
  37:pca9532.c     **** /*****************************************************************************
  38:pca9532.c     ****  * Local prototypes
  39:pca9532.c     ****  ****************************************************************************/
  40:pca9532.c     **** 
  41:pca9532.c     **** 
  42:pca9532.c     **** /*****************************************************************************
  43:pca9532.c     ****  *
  44:pca9532.c     ****  * Description:
  45:pca9532.c     ****  *    Initialize the io-pins and find out if HW is ver 1.0 or ver 1.1
  46:pca9532.c     ****  *
  47:pca9532.c     ****  ****************************************************************************/
  48:pca9532.c     **** tBool
  49:pca9532.c     **** pca9532Init(void)
  50:pca9532.c     **** {
  38              		.loc 1 50 0
  39              		.cfi_startproc
  40              		@ Function supports interworking.
  41              		@ args = 0, pretend = 0, frame = 16
  42              		@ frame_needed = 1, uses_anonymous_args = 0
  43 0000 80B5     		push	{r7, lr}
  44              	.LCFI0:
  45              		.cfi_def_cfa_offset 8
  46              		.cfi_offset 7, -8
  47              		.cfi_offset 14, -4
  48 0002 84B0     		sub	sp, sp, #16
  49              	.LCFI1:
  50              		.cfi_def_cfa_offset 24
  51 0004 00AF     		add	r7, sp, #0
  52              	.LCFI2:
  53              		.cfi_def_cfa_register 7
  51:pca9532.c     ****   tU8 initCommand[] = {0x12, 0x97, 0x80, 0x00, 0x40, 0x00, 0x00, 0x00, 0x00};
  54              		.loc 1 51 0
  55 0006 3B1D     		adds	r3, r7, #4
  56 0008 0B4A     		ldr	r2, .L5
  57 000a 03CA     		ldmia	r2!, {r0, r1}
  58 000c 03C3     		stmia	r3!, {r0, r1}
  59 000e 1278     		ldrb	r2, [r2]
  60 0010 1A70     		strb	r2, [r3]
  52:pca9532.c     ****   //                                                         04 = LCD_RST# low
  53:pca9532.c     ****   //                                                         10 = BT_RST# low
  54:pca9532.c     **** 
ARM GAS  C:\Users\embedded\AppData\Local\Temp\ccGo4yFk.s 			page 3


  55:pca9532.c     ****   //initialize PCA9532
  56:pca9532.c     ****   if (I2C_CODE_OK == pca9532(initCommand, sizeof(initCommand), NULL, 0))
  61              		.loc 1 56 0
  62 0012 381D     		adds	r0, r7, #4
  63 0014 0023     		movs	r3, #0
  64 0016 0022     		movs	r2, #0
  65 0018 0921     		movs	r1, #9
  66 001a FFF7FEFF 		bl	pca9532
  67 001e 0300     		movs	r3, r0
  68 0020 012B     		cmp	r3, #1
  69 0022 01D1     		bne	.L2
  57:pca9532.c     ****     return TRUE;
  70              		.loc 1 57 0
  71 0024 0123     		movs	r3, #1
  72 0026 00E0     		b	.L4
  73              	.L2:
  58:pca9532.c     ****   else
  59:pca9532.c     ****     return FALSE;
  74              		.loc 1 59 0
  75 0028 0023     		movs	r3, #0
  76              	.L4:
  60:pca9532.c     **** }
  77              		.loc 1 60 0 discriminator 1
  78 002a 1800     		movs	r0, r3
  79 002c BD46     		mov	sp, r7
  80 002e 04B0     		add	sp, sp, #16
  81              		@ sp needed
  82 0030 80BC     		pop	{r7}
  83 0032 02BC     		pop	{r1}
  84 0034 0847     		bx	r1
  85              	.L6:
  86 0036 C046     		.align	2
  87              	.L5:
  88 0038 00000000 		.word	.LC0
  89              		.cfi_endproc
  90              	.LFE0:
  91              		.size	pca9532Init, .-pca9532Init
  92              		.align	1
  93              		.global	setPca9532Pin
  94              		.syntax unified
  95              		.code	16
  96              		.thumb_func
  97              		.fpu softvfp
  98              		.type	setPca9532Pin, %function
  99              	setPca9532Pin:
 100              	.LFB1:
  61:pca9532.c     **** 
  62:pca9532.c     **** 
  63:pca9532.c     **** /*****************************************************************************
  64:pca9532.c     ****  *
  65:pca9532.c     ****  * Description:
  66:pca9532.c     ****  *
  67:pca9532.c     ****  ****************************************************************************/
  68:pca9532.c     **** void
  69:pca9532.c     **** setPca9532Pin(tU8 pinNum, tU8 value)
  70:pca9532.c     **** {
 101              		.loc 1 70 0
ARM GAS  C:\Users\embedded\AppData\Local\Temp\ccGo4yFk.s 			page 4


 102              		.cfi_startproc
 103              		@ Function supports interworking.
 104              		@ args = 0, pretend = 0, frame = 16
 105              		@ frame_needed = 1, uses_anonymous_args = 0
 106 003c 90B5     		push	{r4, r7, lr}
 107              	.LCFI3:
 108              		.cfi_def_cfa_offset 12
 109              		.cfi_offset 4, -12
 110              		.cfi_offset 7, -8
 111              		.cfi_offset 14, -4
 112 003e 85B0     		sub	sp, sp, #20
 113              	.LCFI4:
 114              		.cfi_def_cfa_offset 32
 115 0040 00AF     		add	r7, sp, #0
 116              	.LCFI5:
 117              		.cfi_def_cfa_register 7
 118 0042 0200     		movs	r2, r0
 119 0044 FB1D     		adds	r3, r7, #7
 120 0046 1A70     		strb	r2, [r3]
 121 0048 BB1D     		adds	r3, r7, #6
 122 004a 0A1C     		adds	r2, r1, #0
 123 004c 1A70     		strb	r2, [r3]
  71:pca9532.c     ****   tU8 command[] = {0x00, 0x00};
 124              		.loc 1 71 0
 125 004e 0C21     		movs	r1, #12
 126 0050 7B18     		adds	r3, r7, r1
 127 0052 0022     		movs	r2, #0
 128 0054 1A70     		strb	r2, [r3]
 129 0056 7B18     		adds	r3, r7, r1
 130 0058 0022     		movs	r2, #0
 131 005a 5A70     		strb	r2, [r3, #1]
  72:pca9532.c     ****   tU8 regValue;
  73:pca9532.c     ****   tU8 mask;
  74:pca9532.c     ****   
  75:pca9532.c     ****   if (pinNum < 4)
 132              		.loc 1 75 0
 133 005c FB1D     		adds	r3, r7, #7
 134 005e 1B78     		ldrb	r3, [r3]
 135 0060 032B     		cmp	r3, #3
 136 0062 04D8     		bhi	.L8
  76:pca9532.c     ****     command[0] = 0x06;
 137              		.loc 1 76 0
 138 0064 0C23     		movs	r3, #12
 139 0066 FB18     		adds	r3, r7, r3
 140 0068 0622     		movs	r2, #6
 141 006a 1A70     		strb	r2, [r3]
 142 006c 15E0     		b	.L9
 143              	.L8:
  77:pca9532.c     ****   else if (pinNum < 8)
 144              		.loc 1 77 0
 145 006e FB1D     		adds	r3, r7, #7
 146 0070 1B78     		ldrb	r3, [r3]
 147 0072 072B     		cmp	r3, #7
 148 0074 04D8     		bhi	.L10
  78:pca9532.c     ****     command[0] = 0x07;
 149              		.loc 1 78 0
 150 0076 0C23     		movs	r3, #12
ARM GAS  C:\Users\embedded\AppData\Local\Temp\ccGo4yFk.s 			page 5


 151 0078 FB18     		adds	r3, r7, r3
 152 007a 0722     		movs	r2, #7
 153 007c 1A70     		strb	r2, [r3]
 154 007e 0CE0     		b	.L9
 155              	.L10:
  79:pca9532.c     ****   else if (pinNum < 12)
 156              		.loc 1 79 0
 157 0080 FB1D     		adds	r3, r7, #7
 158 0082 1B78     		ldrb	r3, [r3]
 159 0084 0B2B     		cmp	r3, #11
 160 0086 04D8     		bhi	.L11
  80:pca9532.c     ****     command[0] = 0x08;
 161              		.loc 1 80 0
 162 0088 0C23     		movs	r3, #12
 163 008a FB18     		adds	r3, r7, r3
 164 008c 0822     		movs	r2, #8
 165 008e 1A70     		strb	r2, [r3]
 166 0090 03E0     		b	.L9
 167              	.L11:
  81:pca9532.c     ****   else
  82:pca9532.c     ****     command[0] = 0x09;
 168              		.loc 1 82 0
 169 0092 0C23     		movs	r3, #12
 170 0094 FB18     		adds	r3, r7, r3
 171 0096 0922     		movs	r2, #9
 172 0098 1A70     		strb	r2, [r3]
 173              	.L9:
  83:pca9532.c     ****     
  84:pca9532.c     ****   pca9532(command, 1, &regValue, 1);
 174              		.loc 1 84 0
 175 009a 0B24     		movs	r4, #11
 176 009c 3A19     		adds	r2, r7, r4
 177 009e 0C23     		movs	r3, #12
 178 00a0 F818     		adds	r0, r7, r3
 179 00a2 0123     		movs	r3, #1
 180 00a4 0121     		movs	r1, #1
 181 00a6 FFF7FEFF 		bl	pca9532
  85:pca9532.c     ****   
  86:pca9532.c     ****   mask = (3 << 2*(pinNum % 4));
 182              		.loc 1 86 0
 183 00aa FB1D     		adds	r3, r7, #7
 184 00ac 1B78     		ldrb	r3, [r3]
 185 00ae 0322     		movs	r2, #3
 186 00b0 1340     		ands	r3, r2
 187 00b2 5B00     		lsls	r3, r3, #1
 188 00b4 0322     		movs	r2, #3
 189 00b6 9A40     		lsls	r2, r2, r3
 190 00b8 0F21     		movs	r1, #15
 191 00ba 7B18     		adds	r3, r7, r1
 192 00bc 1A70     		strb	r2, [r3]
  87:pca9532.c     ****   
  88:pca9532.c     ****   regValue &= ~mask;
 193              		.loc 1 88 0
 194 00be 7B18     		adds	r3, r7, r1
 195 00c0 1B78     		ldrb	r3, [r3]
 196 00c2 1B06     		lsls	r3, r3, #24
 197 00c4 1B16     		asrs	r3, r3, #24
ARM GAS  C:\Users\embedded\AppData\Local\Temp\ccGo4yFk.s 			page 6


 198 00c6 DB43     		mvns	r3, r3
 199 00c8 1B06     		lsls	r3, r3, #24
 200 00ca 1B16     		asrs	r3, r3, #24
 201 00cc 3A19     		adds	r2, r7, r4
 202 00ce 1278     		ldrb	r2, [r2]
 203 00d0 1206     		lsls	r2, r2, #24
 204 00d2 1216     		asrs	r2, r2, #24
 205 00d4 1340     		ands	r3, r2
 206 00d6 1B06     		lsls	r3, r3, #24
 207 00d8 1B16     		asrs	r3, r3, #24
 208 00da 1B06     		lsls	r3, r3, #24
 209 00dc 1A0E     		lsrs	r2, r3, #24
 210 00de 3B19     		adds	r3, r7, r4
 211 00e0 1A70     		strb	r2, [r3]
  89:pca9532.c     ****   
  90:pca9532.c     ****   if (value == 0)
 212              		.loc 1 90 0
 213 00e2 BB1D     		adds	r3, r7, #6
 214 00e4 1B78     		ldrb	r3, [r3]
 215 00e6 002B     		cmp	r3, #0
 216 00e8 04D1     		bne	.L12
  91:pca9532.c     ****     command[1] = 0x01;
 217              		.loc 1 91 0
 218 00ea 0C23     		movs	r3, #12
 219 00ec FB18     		adds	r3, r7, r3
 220 00ee 0122     		movs	r2, #1
 221 00f0 5A70     		strb	r2, [r3, #1]
 222 00f2 03E0     		b	.L13
 223              	.L12:
  92:pca9532.c     ****   else
  93:pca9532.c     ****     command[1] = 0x00;
 224              		.loc 1 93 0
 225 00f4 0C23     		movs	r3, #12
 226 00f6 FB18     		adds	r3, r7, r3
 227 00f8 0022     		movs	r2, #0
 228 00fa 5A70     		strb	r2, [r3, #1]
 229              	.L13:
  94:pca9532.c     ****     
  95:pca9532.c     ****   command[1] <<= 2*(pinNum % 4);
 230              		.loc 1 95 0
 231 00fc 0C20     		movs	r0, #12
 232 00fe 3B18     		adds	r3, r7, r0
 233 0100 5B78     		ldrb	r3, [r3, #1]
 234 0102 1900     		movs	r1, r3
 235 0104 FB1D     		adds	r3, r7, #7
 236 0106 1B78     		ldrb	r3, [r3]
 237 0108 0322     		movs	r2, #3
 238 010a 1340     		ands	r3, r2
 239 010c 5B00     		lsls	r3, r3, #1
 240 010e 9940     		lsls	r1, r1, r3
 241 0110 0B00     		movs	r3, r1
 242 0112 1B06     		lsls	r3, r3, #24
 243 0114 1A0E     		lsrs	r2, r3, #24
 244 0116 3B18     		adds	r3, r7, r0
 245 0118 5A70     		strb	r2, [r3, #1]
  96:pca9532.c     ****   
  97:pca9532.c     ****   command[1] |= regValue;
ARM GAS  C:\Users\embedded\AppData\Local\Temp\ccGo4yFk.s 			page 7


 246              		.loc 1 97 0
 247 011a 3B18     		adds	r3, r7, r0
 248 011c 5A78     		ldrb	r2, [r3, #1]
 249 011e 0B23     		movs	r3, #11
 250 0120 FB18     		adds	r3, r7, r3
 251 0122 1B78     		ldrb	r3, [r3]
 252 0124 1343     		orrs	r3, r2
 253 0126 1B06     		lsls	r3, r3, #24
 254 0128 1A0E     		lsrs	r2, r3, #24
 255 012a 3B18     		adds	r3, r7, r0
 256 012c 5A70     		strb	r2, [r3, #1]
  98:pca9532.c     **** 
  99:pca9532.c     ****   pca9532(command, sizeof(command), NULL, 0);
 257              		.loc 1 99 0
 258 012e 3818     		adds	r0, r7, r0
 259 0130 0023     		movs	r3, #0
 260 0132 0022     		movs	r2, #0
 261 0134 0221     		movs	r1, #2
 262 0136 FFF7FEFF 		bl	pca9532
 100:pca9532.c     **** }
 263              		.loc 1 100 0
 264 013a C046     		nop
 265 013c BD46     		mov	sp, r7
 266 013e 05B0     		add	sp, sp, #20
 267              		@ sp needed
 268 0140 90BC     		pop	{r4, r7}
 269 0142 01BC     		pop	{r0}
 270 0144 0047     		bx	r0
 271              		.cfi_endproc
 272              	.LFE1:
 273              		.size	setPca9532Pin, .-setPca9532Pin
 274              		.align	1
 275              		.global	getPca9532Pin
 276              		.syntax unified
 277              		.code	16
 278              		.thumb_func
 279              		.fpu softvfp
 280              		.type	getPca9532Pin, %function
 281              	getPca9532Pin:
 282              	.LFB2:
 101:pca9532.c     **** 
 102:pca9532.c     **** 
 103:pca9532.c     **** /*****************************************************************************
 104:pca9532.c     ****  *
 105:pca9532.c     ****  * Description:
 106:pca9532.c     ****  *
 107:pca9532.c     ****  ****************************************************************************/
 108:pca9532.c     **** tU16
 109:pca9532.c     **** getPca9532Pin(void)
 110:pca9532.c     **** {
 283              		.loc 1 110 0
 284              		.cfi_startproc
 285              		@ Function supports interworking.
 286              		@ args = 0, pretend = 0, frame = 8
 287              		@ frame_needed = 1, uses_anonymous_args = 0
 288 0146 80B5     		push	{r7, lr}
 289              	.LCFI6:
ARM GAS  C:\Users\embedded\AppData\Local\Temp\ccGo4yFk.s 			page 8


 290              		.cfi_def_cfa_offset 8
 291              		.cfi_offset 7, -8
 292              		.cfi_offset 14, -4
 293 0148 82B0     		sub	sp, sp, #8
 294              	.LCFI7:
 295              		.cfi_def_cfa_offset 16
 296 014a 00AF     		add	r7, sp, #0
 297              	.LCFI8:
 298              		.cfi_def_cfa_register 7
 111:pca9532.c     ****   tU8 command[] = {0x19};
 299              		.loc 1 111 0
 300 014c 3B1D     		adds	r3, r7, #4
 301 014e 1922     		movs	r2, #25
 302 0150 1A70     		strb	r2, [r3]
 112:pca9532.c     ****   tU8 regValue[3];
 113:pca9532.c     ****   
 114:pca9532.c     ****   pca9532(command, 1, regValue, 3);
 303              		.loc 1 114 0
 304 0152 3A00     		movs	r2, r7
 305 0154 381D     		adds	r0, r7, #4
 306 0156 0323     		movs	r3, #3
 307 0158 0121     		movs	r1, #1
 308 015a FFF7FEFF 		bl	pca9532
 115:pca9532.c     ****   
 116:pca9532.c     ****   return (tU16)regValue[1] | ((tU16)regValue[2] << 8);
 309              		.loc 1 116 0
 310 015e 3B00     		movs	r3, r7
 311 0160 5B78     		ldrb	r3, [r3, #1]
 312 0162 1A04     		lsls	r2, r3, #16
 313 0164 1214     		asrs	r2, r2, #16
 314 0166 3B00     		movs	r3, r7
 315 0168 9B78     		ldrb	r3, [r3, #2]
 316 016a 1B02     		lsls	r3, r3, #8
 317 016c 1B04     		lsls	r3, r3, #16
 318 016e 1B14     		asrs	r3, r3, #16
 319 0170 1343     		orrs	r3, r2
 320 0172 1B04     		lsls	r3, r3, #16
 321 0174 1B14     		asrs	r3, r3, #16
 322 0176 1B04     		lsls	r3, r3, #16
 323 0178 1B0C     		lsrs	r3, r3, #16
 117:pca9532.c     **** }
 324              		.loc 1 117 0
 325 017a 1800     		movs	r0, r3
 326 017c BD46     		mov	sp, r7
 327 017e 02B0     		add	sp, sp, #8
 328              		@ sp needed
 329 0180 80BC     		pop	{r7}
 330 0182 02BC     		pop	{r1}
 331 0184 0847     		bx	r1
 332              		.cfi_endproc
 333              	.LFE2:
 334              		.size	getPca9532Pin, .-getPca9532Pin
 335              	.Letext0:
 336              		.file 2 "general.h"
 337 0186 C046     		.section	.debug_info,"",%progbits
 338              	.Ldebug_info0:
 339 0000 9A010000 		.4byte	0x19a
ARM GAS  C:\Users\embedded\AppData\Local\Temp\ccGo4yFk.s 			page 9


 340 0004 0200     		.2byte	0x2
 341 0006 00000000 		.4byte	.Ldebug_abbrev0
 342 000a 04       		.byte	0x4
 343 000b 01       		.uleb128 0x1
 344 000c 7D000000 		.4byte	.LASF19
 345 0010 0C       		.byte	0xc
 346 0011 36010000 		.4byte	.LASF20
 347 0015 05010000 		.4byte	.LASF21
 348 0019 00000000 		.4byte	.Ltext0
 349 001d 86010000 		.4byte	.Letext0
 350 0021 00000000 		.4byte	.Ldebug_line0
 351 0025 02       		.uleb128 0x2
 352 0026 74553800 		.ascii	"tU8\000"
 353 002a 02       		.byte	0x2
 354 002b 17       		.byte	0x17
 355 002c 30000000 		.4byte	0x30
 356 0030 03       		.uleb128 0x3
 357 0031 01       		.byte	0x1
 358 0032 08       		.byte	0x8
 359 0033 63000000 		.4byte	.LASF1
 360 0037 04       		.uleb128 0x4
 361 0038 57010000 		.4byte	.LASF0
 362 003c 02       		.byte	0x2
 363 003d 18       		.byte	0x18
 364 003e 42000000 		.4byte	0x42
 365 0042 03       		.uleb128 0x3
 366 0043 02       		.byte	0x2
 367 0044 07       		.byte	0x7
 368 0045 23010000 		.4byte	.LASF2
 369 0049 03       		.uleb128 0x3
 370 004a 04       		.byte	0x4
 371 004b 07       		.byte	0x7
 372 004c 14000000 		.4byte	.LASF3
 373 0050 03       		.uleb128 0x3
 374 0051 08       		.byte	0x8
 375 0052 07       		.byte	0x7
 376 0053 3B000000 		.4byte	.LASF4
 377 0057 03       		.uleb128 0x3
 378 0058 01       		.byte	0x1
 379 0059 06       		.byte	0x6
 380 005a 72010000 		.4byte	.LASF5
 381 005e 03       		.uleb128 0x3
 382 005f 02       		.byte	0x2
 383 0060 05       		.byte	0x5
 384 0061 62010000 		.4byte	.LASF6
 385 0065 05       		.uleb128 0x5
 386 0066 04       		.byte	0x4
 387 0067 05       		.byte	0x5
 388 0068 696E7400 		.ascii	"int\000"
 389 006c 03       		.uleb128 0x3
 390 006d 08       		.byte	0x8
 391 006e 05       		.byte	0x5
 392 006f 00000000 		.4byte	.LASF7
 393 0073 06       		.uleb128 0x6
 394 0074 07       		.byte	0x7
 395 0075 01       		.byte	0x1
 396 0076 30000000 		.4byte	0x30
ARM GAS  C:\Users\embedded\AppData\Local\Temp\ccGo4yFk.s 			page 10


 397 007a 02       		.byte	0x2
 398 007b 1F       		.byte	0x1f
 399 007c 8D000000 		.4byte	0x8d
 400 0080 07       		.uleb128 0x7
 401 0081 6C010000 		.4byte	.LASF8
 402 0085 00       		.byte	0
 403 0086 07       		.uleb128 0x7
 404 0087 71000000 		.4byte	.LASF9
 405 008b 01       		.byte	0x1
 406 008c 00       		.byte	0
 407 008d 04       		.uleb128 0x4
 408 008e 5C010000 		.4byte	.LASF10
 409 0092 02       		.byte	0x2
 410 0093 20       		.byte	0x20
 411 0094 73000000 		.4byte	0x73
 412 0098 08       		.uleb128 0x8
 413 0099 01       		.byte	0x1
 414 009a 21000000 		.4byte	.LASF16
 415 009e 01       		.byte	0x1
 416 009f 6D       		.byte	0x6d
 417 00a0 01       		.byte	0x1
 418 00a1 37000000 		.4byte	0x37
 419 00a5 46010000 		.4byte	.LFB2
 420 00a9 86010000 		.4byte	.LFE2
 421 00ad 00000000 		.4byte	.LLST2
 422 00b1 01       		.byte	0x1
 423 00b2 D3000000 		.4byte	0xd3
 424 00b6 09       		.uleb128 0x9
 425 00b7 FD000000 		.4byte	.LASF11
 426 00bb 01       		.byte	0x1
 427 00bc 6F       		.byte	0x6f
 428 00bd D3000000 		.4byte	0xd3
 429 00c1 02       		.byte	0x2
 430 00c2 91       		.byte	0x91
 431 00c3 74       		.sleb128 -12
 432 00c4 09       		.uleb128 0x9
 433 00c5 4E010000 		.4byte	.LASF12
 434 00c9 01       		.byte	0x1
 435 00ca 70       		.byte	0x70
 436 00cb E3000000 		.4byte	0xe3
 437 00cf 02       		.byte	0x2
 438 00d0 91       		.byte	0x91
 439 00d1 70       		.sleb128 -16
 440 00d2 00       		.byte	0
 441 00d3 0A       		.uleb128 0xa
 442 00d4 25000000 		.4byte	0x25
 443 00d8 E3000000 		.4byte	0xe3
 444 00dc 0B       		.uleb128 0xb
 445 00dd 49000000 		.4byte	0x49
 446 00e1 00       		.byte	0
 447 00e2 00       		.byte	0
 448 00e3 0A       		.uleb128 0xa
 449 00e4 25000000 		.4byte	0x25
 450 00e8 F3000000 		.4byte	0xf3
 451 00ec 0B       		.uleb128 0xb
 452 00ed 49000000 		.4byte	0x49
 453 00f1 02       		.byte	0x2
ARM GAS  C:\Users\embedded\AppData\Local\Temp\ccGo4yFk.s 			page 11


 454 00f2 00       		.byte	0
 455 00f3 0C       		.uleb128 0xc
 456 00f4 01       		.byte	0x1
 457 00f5 40010000 		.4byte	.LASF22
 458 00f9 01       		.byte	0x1
 459 00fa 45       		.byte	0x45
 460 00fb 01       		.byte	0x1
 461 00fc 3C000000 		.4byte	.LFB1
 462 0100 46010000 		.4byte	.LFE1
 463 0104 38000000 		.4byte	.LLST1
 464 0108 01       		.byte	0x1
 465 0109 54010000 		.4byte	0x154
 466 010d 0D       		.uleb128 0xd
 467 010e 76000000 		.4byte	.LASF13
 468 0112 01       		.byte	0x1
 469 0113 45       		.byte	0x45
 470 0114 25000000 		.4byte	0x25
 471 0118 02       		.byte	0x2
 472 0119 91       		.byte	0x91
 473 011a 67       		.sleb128 -25
 474 011b 0D       		.uleb128 0xd
 475 011c 0E000000 		.4byte	.LASF14
 476 0120 01       		.byte	0x1
 477 0121 45       		.byte	0x45
 478 0122 25000000 		.4byte	0x25
 479 0126 02       		.byte	0x2
 480 0127 91       		.byte	0x91
 481 0128 66       		.sleb128 -26
 482 0129 09       		.uleb128 0x9
 483 012a FD000000 		.4byte	.LASF11
 484 012e 01       		.byte	0x1
 485 012f 47       		.byte	0x47
 486 0130 54010000 		.4byte	0x154
 487 0134 02       		.byte	0x2
 488 0135 91       		.byte	0x91
 489 0136 6C       		.sleb128 -20
 490 0137 09       		.uleb128 0x9
 491 0138 4E010000 		.4byte	.LASF12
 492 013c 01       		.byte	0x1
 493 013d 48       		.byte	0x48
 494 013e 25000000 		.4byte	0x25
 495 0142 02       		.byte	0x2
 496 0143 91       		.byte	0x91
 497 0144 6B       		.sleb128 -21
 498 0145 09       		.uleb128 0x9
 499 0146 5E000000 		.4byte	.LASF15
 500 014a 01       		.byte	0x1
 501 014b 49       		.byte	0x49
 502 014c 25000000 		.4byte	0x25
 503 0150 02       		.byte	0x2
 504 0151 91       		.byte	0x91
 505 0152 6F       		.sleb128 -17
 506 0153 00       		.byte	0
 507 0154 0A       		.uleb128 0xa
 508 0155 25000000 		.4byte	0x25
 509 0159 64010000 		.4byte	0x164
 510 015d 0B       		.uleb128 0xb
ARM GAS  C:\Users\embedded\AppData\Local\Temp\ccGo4yFk.s 			page 12


 511 015e 49000000 		.4byte	0x49
 512 0162 01       		.byte	0x1
 513 0163 00       		.byte	0
 514 0164 08       		.uleb128 0x8
 515 0165 01       		.byte	0x1
 516 0166 2F000000 		.4byte	.LASF17
 517 016a 01       		.byte	0x1
 518 016b 31       		.byte	0x31
 519 016c 01       		.byte	0x1
 520 016d 8D000000 		.4byte	0x8d
 521 0171 00000000 		.4byte	.LFB0
 522 0175 3C000000 		.4byte	.LFE0
 523 0179 70000000 		.4byte	.LLST0
 524 017d 01       		.byte	0x1
 525 017e 91010000 		.4byte	0x191
 526 0182 09       		.uleb128 0x9
 527 0183 52000000 		.4byte	.LASF18
 528 0187 01       		.byte	0x1
 529 0188 33       		.byte	0x33
 530 0189 91010000 		.4byte	0x191
 531 018d 02       		.byte	0x2
 532 018e 91       		.byte	0x91
 533 018f 6C       		.sleb128 -20
 534 0190 00       		.byte	0
 535 0191 0E       		.uleb128 0xe
 536 0192 25000000 		.4byte	0x25
 537 0196 0B       		.uleb128 0xb
 538 0197 49000000 		.4byte	0x49
 539 019b 08       		.byte	0x8
 540 019c 00       		.byte	0
 541 019d 00       		.byte	0
 542              		.section	.debug_abbrev,"",%progbits
 543              	.Ldebug_abbrev0:
 544 0000 01       		.uleb128 0x1
 545 0001 11       		.uleb128 0x11
 546 0002 01       		.byte	0x1
 547 0003 25       		.uleb128 0x25
 548 0004 0E       		.uleb128 0xe
 549 0005 13       		.uleb128 0x13
 550 0006 0B       		.uleb128 0xb
 551 0007 03       		.uleb128 0x3
 552 0008 0E       		.uleb128 0xe
 553 0009 1B       		.uleb128 0x1b
 554 000a 0E       		.uleb128 0xe
 555 000b 11       		.uleb128 0x11
 556 000c 01       		.uleb128 0x1
 557 000d 12       		.uleb128 0x12
 558 000e 01       		.uleb128 0x1
 559 000f 10       		.uleb128 0x10
 560 0010 06       		.uleb128 0x6
 561 0011 00       		.byte	0
 562 0012 00       		.byte	0
 563 0013 02       		.uleb128 0x2
 564 0014 16       		.uleb128 0x16
 565 0015 00       		.byte	0
 566 0016 03       		.uleb128 0x3
 567 0017 08       		.uleb128 0x8
ARM GAS  C:\Users\embedded\AppData\Local\Temp\ccGo4yFk.s 			page 13


 568 0018 3A       		.uleb128 0x3a
 569 0019 0B       		.uleb128 0xb
 570 001a 3B       		.uleb128 0x3b
 571 001b 0B       		.uleb128 0xb
 572 001c 49       		.uleb128 0x49
 573 001d 13       		.uleb128 0x13
 574 001e 00       		.byte	0
 575 001f 00       		.byte	0
 576 0020 03       		.uleb128 0x3
 577 0021 24       		.uleb128 0x24
 578 0022 00       		.byte	0
 579 0023 0B       		.uleb128 0xb
 580 0024 0B       		.uleb128 0xb
 581 0025 3E       		.uleb128 0x3e
 582 0026 0B       		.uleb128 0xb
 583 0027 03       		.uleb128 0x3
 584 0028 0E       		.uleb128 0xe
 585 0029 00       		.byte	0
 586 002a 00       		.byte	0
 587 002b 04       		.uleb128 0x4
 588 002c 16       		.uleb128 0x16
 589 002d 00       		.byte	0
 590 002e 03       		.uleb128 0x3
 591 002f 0E       		.uleb128 0xe
 592 0030 3A       		.uleb128 0x3a
 593 0031 0B       		.uleb128 0xb
 594 0032 3B       		.uleb128 0x3b
 595 0033 0B       		.uleb128 0xb
 596 0034 49       		.uleb128 0x49
 597 0035 13       		.uleb128 0x13
 598 0036 00       		.byte	0
 599 0037 00       		.byte	0
 600 0038 05       		.uleb128 0x5
 601 0039 24       		.uleb128 0x24
 602 003a 00       		.byte	0
 603 003b 0B       		.uleb128 0xb
 604 003c 0B       		.uleb128 0xb
 605 003d 3E       		.uleb128 0x3e
 606 003e 0B       		.uleb128 0xb
 607 003f 03       		.uleb128 0x3
 608 0040 08       		.uleb128 0x8
 609 0041 00       		.byte	0
 610 0042 00       		.byte	0
 611 0043 06       		.uleb128 0x6
 612 0044 04       		.uleb128 0x4
 613 0045 01       		.byte	0x1
 614 0046 3E       		.uleb128 0x3e
 615 0047 0B       		.uleb128 0xb
 616 0048 0B       		.uleb128 0xb
 617 0049 0B       		.uleb128 0xb
 618 004a 49       		.uleb128 0x49
 619 004b 13       		.uleb128 0x13
 620 004c 3A       		.uleb128 0x3a
 621 004d 0B       		.uleb128 0xb
 622 004e 3B       		.uleb128 0x3b
 623 004f 0B       		.uleb128 0xb
 624 0050 01       		.uleb128 0x1
ARM GAS  C:\Users\embedded\AppData\Local\Temp\ccGo4yFk.s 			page 14


 625 0051 13       		.uleb128 0x13
 626 0052 00       		.byte	0
 627 0053 00       		.byte	0
 628 0054 07       		.uleb128 0x7
 629 0055 28       		.uleb128 0x28
 630 0056 00       		.byte	0
 631 0057 03       		.uleb128 0x3
 632 0058 0E       		.uleb128 0xe
 633 0059 1C       		.uleb128 0x1c
 634 005a 0B       		.uleb128 0xb
 635 005b 00       		.byte	0
 636 005c 00       		.byte	0
 637 005d 08       		.uleb128 0x8
 638 005e 2E       		.uleb128 0x2e
 639 005f 01       		.byte	0x1
 640 0060 3F       		.uleb128 0x3f
 641 0061 0C       		.uleb128 0xc
 642 0062 03       		.uleb128 0x3
 643 0063 0E       		.uleb128 0xe
 644 0064 3A       		.uleb128 0x3a
 645 0065 0B       		.uleb128 0xb
 646 0066 3B       		.uleb128 0x3b
 647 0067 0B       		.uleb128 0xb
 648 0068 27       		.uleb128 0x27
 649 0069 0C       		.uleb128 0xc
 650 006a 49       		.uleb128 0x49
 651 006b 13       		.uleb128 0x13
 652 006c 11       		.uleb128 0x11
 653 006d 01       		.uleb128 0x1
 654 006e 12       		.uleb128 0x12
 655 006f 01       		.uleb128 0x1
 656 0070 40       		.uleb128 0x40
 657 0071 06       		.uleb128 0x6
 658 0072 9642     		.uleb128 0x2116
 659 0074 0C       		.uleb128 0xc
 660 0075 01       		.uleb128 0x1
 661 0076 13       		.uleb128 0x13
 662 0077 00       		.byte	0
 663 0078 00       		.byte	0
 664 0079 09       		.uleb128 0x9
 665 007a 34       		.uleb128 0x34
 666 007b 00       		.byte	0
 667 007c 03       		.uleb128 0x3
 668 007d 0E       		.uleb128 0xe
 669 007e 3A       		.uleb128 0x3a
 670 007f 0B       		.uleb128 0xb
 671 0080 3B       		.uleb128 0x3b
 672 0081 0B       		.uleb128 0xb
 673 0082 49       		.uleb128 0x49
 674 0083 13       		.uleb128 0x13
 675 0084 02       		.uleb128 0x2
 676 0085 0A       		.uleb128 0xa
 677 0086 00       		.byte	0
 678 0087 00       		.byte	0
 679 0088 0A       		.uleb128 0xa
 680 0089 01       		.uleb128 0x1
 681 008a 01       		.byte	0x1
ARM GAS  C:\Users\embedded\AppData\Local\Temp\ccGo4yFk.s 			page 15


 682 008b 49       		.uleb128 0x49
 683 008c 13       		.uleb128 0x13
 684 008d 01       		.uleb128 0x1
 685 008e 13       		.uleb128 0x13
 686 008f 00       		.byte	0
 687 0090 00       		.byte	0
 688 0091 0B       		.uleb128 0xb
 689 0092 21       		.uleb128 0x21
 690 0093 00       		.byte	0
 691 0094 49       		.uleb128 0x49
 692 0095 13       		.uleb128 0x13
 693 0096 2F       		.uleb128 0x2f
 694 0097 0B       		.uleb128 0xb
 695 0098 00       		.byte	0
 696 0099 00       		.byte	0
 697 009a 0C       		.uleb128 0xc
 698 009b 2E       		.uleb128 0x2e
 699 009c 01       		.byte	0x1
 700 009d 3F       		.uleb128 0x3f
 701 009e 0C       		.uleb128 0xc
 702 009f 03       		.uleb128 0x3
 703 00a0 0E       		.uleb128 0xe
 704 00a1 3A       		.uleb128 0x3a
 705 00a2 0B       		.uleb128 0xb
 706 00a3 3B       		.uleb128 0x3b
 707 00a4 0B       		.uleb128 0xb
 708 00a5 27       		.uleb128 0x27
 709 00a6 0C       		.uleb128 0xc
 710 00a7 11       		.uleb128 0x11
 711 00a8 01       		.uleb128 0x1
 712 00a9 12       		.uleb128 0x12
 713 00aa 01       		.uleb128 0x1
 714 00ab 40       		.uleb128 0x40
 715 00ac 06       		.uleb128 0x6
 716 00ad 9642     		.uleb128 0x2116
 717 00af 0C       		.uleb128 0xc
 718 00b0 01       		.uleb128 0x1
 719 00b1 13       		.uleb128 0x13
 720 00b2 00       		.byte	0
 721 00b3 00       		.byte	0
 722 00b4 0D       		.uleb128 0xd
 723 00b5 05       		.uleb128 0x5
 724 00b6 00       		.byte	0
 725 00b7 03       		.uleb128 0x3
 726 00b8 0E       		.uleb128 0xe
 727 00b9 3A       		.uleb128 0x3a
 728 00ba 0B       		.uleb128 0xb
 729 00bb 3B       		.uleb128 0x3b
 730 00bc 0B       		.uleb128 0xb
 731 00bd 49       		.uleb128 0x49
 732 00be 13       		.uleb128 0x13
 733 00bf 02       		.uleb128 0x2
 734 00c0 0A       		.uleb128 0xa
 735 00c1 00       		.byte	0
 736 00c2 00       		.byte	0
 737 00c3 0E       		.uleb128 0xe
 738 00c4 01       		.uleb128 0x1
ARM GAS  C:\Users\embedded\AppData\Local\Temp\ccGo4yFk.s 			page 16


 739 00c5 01       		.byte	0x1
 740 00c6 49       		.uleb128 0x49
 741 00c7 13       		.uleb128 0x13
 742 00c8 00       		.byte	0
 743 00c9 00       		.byte	0
 744 00ca 00       		.byte	0
 745              		.section	.debug_loc,"",%progbits
 746              	.Ldebug_loc0:
 747              	.LLST2:
 748 0000 46010000 		.4byte	.LFB2-.Ltext0
 749 0004 48010000 		.4byte	.LCFI6-.Ltext0
 750 0008 0200     		.2byte	0x2
 751 000a 7D       		.byte	0x7d
 752 000b 00       		.sleb128 0
 753 000c 48010000 		.4byte	.LCFI6-.Ltext0
 754 0010 4A010000 		.4byte	.LCFI7-.Ltext0
 755 0014 0200     		.2byte	0x2
 756 0016 7D       		.byte	0x7d
 757 0017 08       		.sleb128 8
 758 0018 4A010000 		.4byte	.LCFI7-.Ltext0
 759 001c 4C010000 		.4byte	.LCFI8-.Ltext0
 760 0020 0200     		.2byte	0x2
 761 0022 7D       		.byte	0x7d
 762 0023 10       		.sleb128 16
 763 0024 4C010000 		.4byte	.LCFI8-.Ltext0
 764 0028 86010000 		.4byte	.LFE2-.Ltext0
 765 002c 0200     		.2byte	0x2
 766 002e 77       		.byte	0x77
 767 002f 10       		.sleb128 16
 768 0030 00000000 		.4byte	0
 769 0034 00000000 		.4byte	0
 770              	.LLST1:
 771 0038 3C000000 		.4byte	.LFB1-.Ltext0
 772 003c 3E000000 		.4byte	.LCFI3-.Ltext0
 773 0040 0200     		.2byte	0x2
 774 0042 7D       		.byte	0x7d
 775 0043 00       		.sleb128 0
 776 0044 3E000000 		.4byte	.LCFI3-.Ltext0
 777 0048 40000000 		.4byte	.LCFI4-.Ltext0
 778 004c 0200     		.2byte	0x2
 779 004e 7D       		.byte	0x7d
 780 004f 0C       		.sleb128 12
 781 0050 40000000 		.4byte	.LCFI4-.Ltext0
 782 0054 42000000 		.4byte	.LCFI5-.Ltext0
 783 0058 0200     		.2byte	0x2
 784 005a 7D       		.byte	0x7d
 785 005b 20       		.sleb128 32
 786 005c 42000000 		.4byte	.LCFI5-.Ltext0
 787 0060 46010000 		.4byte	.LFE1-.Ltext0
 788 0064 0200     		.2byte	0x2
 789 0066 77       		.byte	0x77
 790 0067 20       		.sleb128 32
 791 0068 00000000 		.4byte	0
 792 006c 00000000 		.4byte	0
 793              	.LLST0:
 794 0070 00000000 		.4byte	.LFB0-.Ltext0
 795 0074 02000000 		.4byte	.LCFI0-.Ltext0
ARM GAS  C:\Users\embedded\AppData\Local\Temp\ccGo4yFk.s 			page 17


 796 0078 0200     		.2byte	0x2
 797 007a 7D       		.byte	0x7d
 798 007b 00       		.sleb128 0
 799 007c 02000000 		.4byte	.LCFI0-.Ltext0
 800 0080 04000000 		.4byte	.LCFI1-.Ltext0
 801 0084 0200     		.2byte	0x2
 802 0086 7D       		.byte	0x7d
 803 0087 08       		.sleb128 8
 804 0088 04000000 		.4byte	.LCFI1-.Ltext0
 805 008c 06000000 		.4byte	.LCFI2-.Ltext0
 806 0090 0200     		.2byte	0x2
 807 0092 7D       		.byte	0x7d
 808 0093 18       		.sleb128 24
 809 0094 06000000 		.4byte	.LCFI2-.Ltext0
 810 0098 3C000000 		.4byte	.LFE0-.Ltext0
 811 009c 0200     		.2byte	0x2
 812 009e 77       		.byte	0x77
 813 009f 18       		.sleb128 24
 814 00a0 00000000 		.4byte	0
 815 00a4 00000000 		.4byte	0
 816              		.section	.debug_aranges,"",%progbits
 817 0000 1C000000 		.4byte	0x1c
 818 0004 0200     		.2byte	0x2
 819 0006 00000000 		.4byte	.Ldebug_info0
 820 000a 04       		.byte	0x4
 821 000b 00       		.byte	0
 822 000c 0000     		.2byte	0
 823 000e 0000     		.2byte	0
 824 0010 00000000 		.4byte	.Ltext0
 825 0014 86010000 		.4byte	.Letext0-.Ltext0
 826 0018 00000000 		.4byte	0
 827 001c 00000000 		.4byte	0
 828              		.section	.debug_line,"",%progbits
 829              	.Ldebug_line0:
 830 0000 68000000 		.section	.debug_str,"MS",%progbits,1
 830      02002D00 
 830      00000201 
 830      FB0E0D00 
 830      01010101 
 831              	.LASF7:
 832 0000 6C6F6E67 		.ascii	"long long int\000"
 832      206C6F6E 
 832      6720696E 
 832      7400
 833              	.LASF14:
 834 000e 76616C75 		.ascii	"value\000"
 834      6500
 835              	.LASF3:
 836 0014 756E7369 		.ascii	"unsigned int\000"
 836      676E6564 
 836      20696E74 
 836      00
 837              	.LASF16:
 838 0021 67657450 		.ascii	"getPca9532Pin\000"
 838      63613935 
 838      33325069 
 838      6E00
ARM GAS  C:\Users\embedded\AppData\Local\Temp\ccGo4yFk.s 			page 18


 839              	.LASF17:
 840 002f 70636139 		.ascii	"pca9532Init\000"
 840      35333249 
 840      6E697400 
 841              	.LASF4:
 842 003b 6C6F6E67 		.ascii	"long long unsigned int\000"
 842      206C6F6E 
 842      6720756E 
 842      7369676E 
 842      65642069 
 843              	.LASF18:
 844 0052 696E6974 		.ascii	"initCommand\000"
 844      436F6D6D 
 844      616E6400 
 845              	.LASF15:
 846 005e 6D61736B 		.ascii	"mask\000"
 846      00
 847              	.LASF1:
 848 0063 756E7369 		.ascii	"unsigned char\000"
 848      676E6564 
 848      20636861 
 848      7200
 849              	.LASF9:
 850 0071 54525545 		.ascii	"TRUE\000"
 850      00
 851              	.LASF13:
 852 0076 70696E4E 		.ascii	"pinNum\000"
 852      756D00
 853              	.LASF19:
 854 007d 474E5520 		.ascii	"GNU C11 7.3.1 20180622 (release) [ARM/embedded-7-br"
 854      43313120 
 854      372E332E 
 854      31203230 
 854      31383036 
 855 00b0 616E6368 		.ascii	"anch revision 261907] -mcpu=arm7tdmi -mthumb -mthum"
 855      20726576 
 855      6973696F 
 855      6E203236 
 855      31393037 
 856 00e3 622D696E 		.ascii	"b-interwork -gdwarf-2 -O0\000"
 856      74657277 
 856      6F726B20 
 856      2D676477 
 856      6172662D 
 857              	.LASF11:
 858 00fd 636F6D6D 		.ascii	"command\000"
 858      616E6400 
 859              	.LASF21:
 860 0105 433A5C45 		.ascii	"C:\\Embedded\\2138MiniDemo\\2138\000"
 860      6D626564 
 860      6465645C 
 860      32313338 
 860      4D696E69 
 861              	.LASF2:
 862 0123 73686F72 		.ascii	"short unsigned int\000"
 862      7420756E 
 862      7369676E 
ARM GAS  C:\Users\embedded\AppData\Local\Temp\ccGo4yFk.s 			page 19


 862      65642069 
 862      6E7400
 863              	.LASF20:
 864 0136 70636139 		.ascii	"pca9532.c\000"
 864      3533322E 
 864      6300
 865              	.LASF22:
 866 0140 73657450 		.ascii	"setPca9532Pin\000"
 866      63613935 
 866      33325069 
 866      6E00
 867              	.LASF12:
 868 014e 72656756 		.ascii	"regValue\000"
 868      616C7565 
 868      00
 869              	.LASF0:
 870 0157 74553136 		.ascii	"tU16\000"
 870      00
 871              	.LASF10:
 872 015c 74426F6F 		.ascii	"tBool\000"
 872      6C00
 873              	.LASF6:
 874 0162 73686F72 		.ascii	"short int\000"
 874      7420696E 
 874      7400
 875              	.LASF8:
 876 016c 46414C53 		.ascii	"FALSE\000"
 876      4500
 877              	.LASF5:
 878 0172 7369676E 		.ascii	"signed char\000"
 878      65642063 
 878      68617200 
 879              		.ident	"GCC: (GNU Tools for Arm Embedded Processors 7-2018-q2-update) 7.3.1 20180622 (release) [AR
ARM GAS  C:\Users\embedded\AppData\Local\Temp\ccGo4yFk.s 			page 20


DEFINED SYMBOLS
                            *ABS*:00000000 pca9532.c
C:\Users\embedded\AppData\Local\Temp\ccGo4yFk.s:16     .rodata:00000000 $d
C:\Users\embedded\AppData\Local\Temp\ccGo4yFk.s:35     .text:00000000 pca9532Init
C:\Users\embedded\AppData\Local\Temp\ccGo4yFk.s:43     .text:00000000 $t
C:\Users\embedded\AppData\Local\Temp\ccGo4yFk.s:88     .text:00000038 $d
C:\Users\embedded\AppData\Local\Temp\ccGo4yFk.s:92     .text:0000003c $t
C:\Users\embedded\AppData\Local\Temp\ccGo4yFk.s:99     .text:0000003c setPca9532Pin
C:\Users\embedded\AppData\Local\Temp\ccGo4yFk.s:281    .text:00000146 getPca9532Pin

UNDEFINED SYMBOLS
pca9532
